<?xml version="1.0" encoding="UTF-8"?>
<coverage generated="1678863141350" clover="3.2.0">
  <project timestamp="1678863141350" name="All files">
    <metrics statements="267" coveredstatements="267" conditionals="145" coveredconditionals="141" methods="58" coveredmethods="58" elements="470" coveredelements="466" complexity="0" loc="267" ncloc="267" packages="2" files="2" classes="2"/>
    <package name="Components.Timer.SpotifyPlayer">
      <metrics statements="251" coveredstatements="251" conditionals="137" coveredconditionals="135" methods="56" coveredmethods="56"/>
      <file name="SpotifyPlayer.tsx" path="C:\Users\evpin\Desktop\coding\projects\12_pomodoro_spotify\src\Components\Timer\SpotifyPlayer\SpotifyPlayer.tsx">
        <metrics statements="251" coveredstatements="251" conditionals="137" coveredconditionals="135" methods="56" coveredmethods="56"/>
        <line num="29" count="3" type="stmt"/>
        <line num="30" count="128" type="stmt"/>
        <line num="31" count="128" type="stmt"/>
        <line num="32" count="128" type="stmt"/>
        <line num="33" count="128" type="stmt"/>
        <line num="34" count="128" type="stmt"/>
        <line num="35" count="128" type="stmt"/>
        <line num="36" count="128" type="stmt"/>
        <line num="37" count="128" type="stmt"/>
        <line num="38" count="128" type="stmt"/>
        <line num="39" count="128" type="stmt"/>
        <line num="40" count="128" type="stmt"/>
        <line num="41" count="128" type="stmt"/>
        <line num="42" count="128" type="stmt"/>
        <line num="43" count="128" type="stmt"/>
        <line num="44" count="128" type="stmt"/>
        <line num="45" count="128" type="stmt"/>
        <line num="50" count="128" type="stmt"/>
        <line num="51" count="6" type="stmt"/>
        <line num="55" count="6" type="cond" truecount="2" falsecount="0"/>
        <line num="56" count="2" type="stmt"/>
        <line num="57" count="2" type="stmt"/>
        <line num="59" count="2" type="stmt"/>
        <line num="64" count="128" type="stmt"/>
        <line num="65" count="3" type="stmt"/>
        <line num="69" count="3" type="cond" truecount="2" falsecount="0"/>
        <line num="70" count="1" type="stmt"/>
        <line num="71" count="1" type="stmt"/>
        <line num="73" count="1" type="stmt"/>
        <line num="78" count="128" type="stmt"/>
        <line num="79" count="3" type="stmt"/>
        <line num="82" count="3" type="cond" truecount="2" falsecount="0"/>
        <line num="83" count="1" type="stmt"/>
        <line num="84" count="1" type="stmt"/>
        <line num="86" count="1" type="stmt"/>
        <line num="94" count="128" type="stmt"/>
        <line num="95" count="4" type="stmt"/>
        <line num="97" count="4" type="stmt"/>
        <line num="102" count="4" type="cond" truecount="2" falsecount="0"/>
        <line num="104" count="3" type="stmt"/>
        <line num="110" count="4" type="cond" truecount="2" falsecount="0"/>
        <line num="111" count="4" type="cond" truecount="5" falsecount="0"/>
        <line num="112" count="3" type="stmt"/>
        <line num="113" count="3" type="stmt"/>
        <line num="119" count="3" type="stmt"/>
        <line num="124" count="3" type="stmt"/>
        <line num="130" count="3" type="stmt"/>
        <line num="131" count="3" type="stmt"/>
        <line num="132" count="3" type="stmt"/>
        <line num="133" count="3" type="stmt"/>
        <line num="139" count="128" type="stmt"/>
        <line num="140" count="3" type="stmt"/>
        <line num="142" count="3" type="stmt"/>
        <line num="147" count="3" type="cond" truecount="2" falsecount="0"/>
        <line num="149" count="2" type="stmt"/>
        <line num="155" count="3" type="cond" truecount="2" falsecount="0"/>
        <line num="156" count="3" type="cond" truecount="5" falsecount="0"/>
        <line num="157" count="2" type="stmt"/>
        <line num="159" count="2" type="stmt"/>
        <line num="161" count="2" type="stmt"/>
        <line num="163" count="2" type="stmt"/>
        <line num="169" count="2" type="stmt"/>
        <line num="174" count="2" type="stmt"/>
        <line num="180" count="2" type="stmt"/>
        <line num="181" count="2" type="stmt"/>
        <line num="182" count="2" type="stmt"/>
        <line num="183" count="2" type="stmt"/>
        <line num="189" count="128" type="stmt"/>
        <line num="191" count="20" type="stmt"/>
        <line num="193" count="20" type="stmt"/>
        <line num="194" count="20" type="stmt"/>
        <line num="196" count="20" type="stmt"/>
        <line num="197" count="20" type="cond" truecount="5" falsecount="0"/>
        <line num="199" count="19" type="stmt"/>
        <line num="201" count="19" type="stmt"/>
        <line num="207" count="13" type="stmt"/>
        <line num="208" count="13" type="cond" truecount="2" falsecount="0"/>
        <line num="209" count="7" type="stmt"/>
        <line num="212" count="6" type="stmt"/>
        <line num="217" count="6" type="stmt"/>
        <line num="220" count="1" type="stmt"/>
        <line num="230" count="128" type="stmt"/>
        <line num="231" count="59" type="stmt"/>
        <line num="235" count="56" type="cond" truecount="2" falsecount="0"/>
        <line num="236" count="51" type="stmt"/>
        <line num="237" count="51" type="cond" truecount="2" falsecount="0"/>
        <line num="238" count="51" type="stmt"/>
        <line num="239" count="51" type="stmt"/>
        <line num="240" count="51" type="stmt"/>
        <line num="241" count="51" type="stmt"/>
        <line num="242" count="51" type="stmt"/>
        <line num="243" count="51" type="stmt"/>
        <line num="244" count="51" type="stmt"/>
        <line num="245" count="51" type="stmt"/>
        <line num="246" count="51" type="stmt"/>
        <line num="247" count="51" type="stmt"/>
        <line num="248" count="51" type="cond" truecount="2" falsecount="0"/>
        <line num="250" count="1" type="stmt"/>
        <line num="251" count="1" type="stmt"/>
        <line num="253" count="50" type="stmt"/>
        <line num="254" count="50" type="stmt"/>
        <line num="255" count="50" type="stmt"/>
        <line num="257" count="51" type="stmt"/>
        <line num="258" count="51" type="stmt"/>
        <line num="259" count="5" type="cond" truecount="2" falsecount="0"/>
        <line num="261" count="1" type="stmt"/>
        <line num="262" count="1" type="stmt"/>
        <line num="263" count="4" type="cond" truecount="2" falsecount="0"/>
        <line num="264" count="1" type="stmt"/>
        <line num="265" count="1" type="stmt"/>
        <line num="268" count="3" type="stmt"/>
        <line num="269" count="3" type="stmt"/>
        <line num="276" count="128" type="stmt"/>
        <line num="277" count="7" type="stmt"/>
        <line num="278" count="7" type="cond" truecount="2" falsecount="0"/>
        <line num="279" count="1" type="stmt"/>
        <line num="280" count="6" type="cond" truecount="2" falsecount="0"/>
        <line num="282" count="4" type="stmt"/>
        <line num="284" count="2" type="cond" truecount="2" falsecount="0"/>
        <line num="285" count="1" type="stmt"/>
        <line num="287" count="1" type="stmt"/>
        <line num="290" count="2" type="stmt"/>
        <line num="291" count="2" type="cond" truecount="2" falsecount="0"/>
        <line num="292" count="1" type="stmt"/>
        <line num="294" count="1" type="stmt"/>
        <line num="300" count="128" type="stmt"/>
        <line num="301" count="6" type="stmt"/>
        <line num="302" count="6" type="cond" truecount="2" falsecount="0"/>
        <line num="303" count="1" type="stmt"/>
        <line num="304" count="5" type="cond" truecount="2" falsecount="0"/>
        <line num="306" count="3" type="stmt"/>
        <line num="308" count="2" type="cond" truecount="2" falsecount="0"/>
        <line num="309" count="1" type="stmt"/>
        <line num="311" count="1" type="stmt"/>
        <line num="314" count="1" type="stmt"/>
        <line num="315" count="2" type="cond" truecount="2" falsecount="0"/>
        <line num="316" count="1" type="stmt"/>
        <line num="318" count="1" type="stmt"/>
        <line num="324" count="128" type="stmt"/>
        <line num="325" count="6" type="stmt"/>
        <line num="326" count="6" type="cond" truecount="2" falsecount="0"/>
        <line num="328" count="1" type="stmt"/>
        <line num="329" count="5" type="cond" truecount="2" falsecount="0"/>
        <line num="331" count="3" type="stmt"/>
        <line num="333" count="2" type="cond" truecount="2" falsecount="0"/>
        <line num="335" count="1" type="stmt"/>
        <line num="337" count="1" type="stmt"/>
        <line num="340" count="1" type="stmt"/>
        <line num="341" count="2" type="cond" truecount="2" falsecount="0"/>
        <line num="342" count="1" type="stmt"/>
        <line num="344" count="1" type="stmt"/>
        <line num="350" count="128" type="stmt"/>
        <line num="351" count="8" type="cond" truecount="2" falsecount="0"/>
        <line num="352" count="1" type="stmt"/>
        <line num="353" count="1" type="stmt"/>
        <line num="355" count="7" type="stmt"/>
        <line num="358" count="7" type="cond" truecount="2" falsecount="0"/>
        <line num="360" count="1" type="stmt"/>
        <line num="361" count="6" type="cond" truecount="2" falsecount="0"/>
        <line num="363" count="3" type="stmt"/>
        <line num="366" count="2" type="cond" truecount="2" falsecount="0"/>
        <line num="367" count="1" type="stmt"/>
        <line num="369" count="1" type="stmt"/>
        <line num="372" count="1" type="stmt"/>
        <line num="373" count="3" type="cond" truecount="2" falsecount="0"/>
        <line num="374" count="2" type="stmt"/>
        <line num="376" count="1" type="stmt"/>
        <line num="384" count="128" type="stmt"/>
        <line num="385" count="3" type="stmt"/>
        <line num="388" count="3" type="cond" truecount="2" falsecount="0"/>
        <line num="389" count="1" type="stmt"/>
        <line num="390" count="2" type="cond" truecount="2" falsecount="0"/>
        <line num="391" count="1" type="stmt"/>
        <line num="393" count="1" type="stmt"/>
        <line num="400" count="128" type="stmt"/>
        <line num="401" count="3" type="stmt"/>
        <line num="408" count="3" type="cond" truecount="2" falsecount="0"/>
        <line num="409" count="1" type="stmt"/>
        <line num="410" count="2" type="cond" truecount="2" falsecount="0"/>
        <line num="411" count="1" type="stmt"/>
        <line num="413" count="1" type="stmt"/>
        <line num="420" count="128" type="stmt"/>
        <line num="421" count="11" type="stmt"/>
        <line num="428" count="11" type="cond" truecount="2" falsecount="0"/>
        <line num="429" count="3" type="cond" truecount="2" falsecount="0"/>
        <line num="430" count="2" type="stmt"/>
        <line num="432" count="8" type="cond" truecount="2" falsecount="0"/>
        <line num="433" count="6" type="cond" truecount="2" falsecount="0"/>
        <line num="438" count="4" type="stmt"/>
        <line num="439" count="4" type="stmt"/>
        <line num="441" count="3" type="cond" truecount="2" falsecount="0"/>
        <line num="442" count="2" type="cond" truecount="1" falsecount="1"/>
        <line num="443" count="2" type="stmt"/>
        <line num="446" count="2" type="stmt"/>
        <line num="448" count="1" type="stmt"/>
        <line num="451" count="1" type="stmt"/>
        <line num="453" count="2" type="cond" truecount="2" falsecount="0"/>
        <line num="454" count="1" type="stmt"/>
        <line num="456" count="1" type="stmt"/>
        <line num="463" count="128" type="stmt"/>
        <line num="464" count="9" type="stmt"/>
        <line num="465" count="9" type="stmt"/>
        <line num="471" count="9" type="cond" truecount="2" falsecount="0"/>
        <line num="472" count="2" type="stmt"/>
        <line num="473" count="2" type="stmt"/>
        <line num="474" count="2" type="stmt"/>
        <line num="475" count="7" type="cond" truecount="2" falsecount="0"/>
        <line num="477" count="5" type="cond" truecount="4" falsecount="0"/>
        <line num="478" count="3" type="stmt"/>
        <line num="479" count="3" type="stmt"/>
        <line num="481" count="2" type="cond" truecount="2" falsecount="0"/>
        <line num="482" count="1" type="stmt"/>
        <line num="483" count="1" type="stmt"/>
        <line num="487" count="1" type="stmt"/>
        <line num="489" count="1" type="stmt"/>
        <line num="492" count="1" type="stmt"/>
        <line num="494" count="2" type="cond" truecount="2" falsecount="0"/>
        <line num="495" count="1" type="stmt"/>
        <line num="497" count="1" type="stmt"/>
        <line num="506" count="128" type="stmt"/>
        <line num="507" count="3" type="cond" truecount="2" falsecount="0"/>
        <line num="508" count="2" type="stmt"/>
        <line num="509" count="2" type="stmt"/>
        <line num="510" count="2" type="stmt"/>
        <line num="512" count="1" type="stmt"/>
        <line num="513" count="1" type="stmt"/>
        <line num="514" count="1" type="stmt"/>
        <line num="519" count="128" type="stmt"/>
        <line num="520" count="128" type="cond" truecount="2" falsecount="0"/>
        <line num="521" count="73" type="stmt"/>
        <line num="522" count="55" type="cond" truecount="2" falsecount="0"/>
        <line num="523" count="8" type="stmt"/>
        <line num="525" count="47" type="stmt"/>
        <line num="530" count="128" type="stmt"/>
        <line num="531" count="8" type="cond" truecount="1" falsecount="1"/>
        <line num="532" count="8" type="stmt"/>
        <line num="533" count="8" type="stmt"/>
        <line num="538" count="128" type="stmt"/>
        <line num="539" count="2" type="stmt"/>
        <line num="545" count="128" type="stmt"/>
        <line num="546" count="505" type="stmt"/>
        <line num="550" count="128" type="stmt"/>
        <line num="551" count="623" type="stmt"/>
        <line num="558" count="128" type="stmt"/>
        <line num="559" count="128" type="cond" truecount="4" falsecount="0"/>
        <line num="560" count="4" type="stmt"/>
        <line num="568" count="124" type="cond" truecount="2" falsecount="0"/>
        <line num="569" count="66" type="stmt"/>
        <line num="575" count="58" type="stmt"/>
        <line num="587" count="128" type="stmt"/>
        <line num="589" count="128" type="stmt"/>
      </file>
    </package>
    <package name="Utils">
      <metrics statements="16" coveredstatements="16" conditionals="8" coveredconditionals="6" methods="2" coveredmethods="2"/>
      <file name="SpotifyUtils.tsx" path="C:\Users\evpin\Desktop\coding\projects\12_pomodoro_spotify\src\Utils\SpotifyUtils.tsx">
        <metrics statements="16" coveredstatements="16" conditionals="8" coveredconditionals="6" methods="2" coveredmethods="2"/>
        <line num="35" count="3" type="stmt"/>
        <line num="49" count="3" type="stmt"/>
        <line num="50" count="240" type="stmt"/>
        <line num="51" count="240" type="stmt"/>
        <line num="52" count="240" type="stmt"/>
        <line num="53" count="240" type="stmt"/>
        <line num="54" count="240" type="stmt"/>
        <line num="55" count="240" type="stmt"/>
        <line num="56" count="240" type="cond" truecount="2" falsecount="0"/>
        <line num="57" count="240" type="cond" truecount="1" falsecount="1"/>
        <line num="58" count="240" type="cond" truecount="1" falsecount="1"/>
        <line num="60" count="240" type="cond" truecount="2" falsecount="0"/>
        <line num="61" count="59" type="stmt"/>
        <line num="63" count="181" type="stmt"/>
        <line num="66" count="3" type="stmt"/>
        <line num="67" count="53" type="stmt"/>
      </file>
    </package>
  </project>
</coverage>
