{"C:\\Users\\evpin\\Desktop\\coding\\projects\\12_pomodoro_spotify\\src\\App.tsx": {"path":"C:\\Users\\evpin\\Desktop\\coding\\projects\\12_pomodoro_spotify\\src\\App.tsx","statementMap":{"0":{"start":{"line":6,"column":16},"end":{"line":19,"column":1}},"1":{"start":{"line":7,"column":36},"end":{"line":7,"column":50}},"2":{"start":{"line":10,"column":2},"end":{"line":18,"column":4}}},"fnMap":{"0":{"name":"(anonymous_0)","decl":{"start":{"line":6,"column":16},"end":{"line":6,"column":17}},"loc":{"start":{"line":6,"column":22},"end":{"line":19,"column":1}},"line":6}},"branchMap":{"0":{"loc":{"start":{"line":13,"column":9},"end":{"line":15,"column":55}},"type":"cond-expr","locations":[{"start":{"line":14,"column":11},"end":{"line":14,"column":69}},{"start":{"line":15,"column":11},"end":{"line":15,"column":54}}],"line":13}},"s":{"0":1,"1":0,"2":0},"f":{"0":0},"b":{"0":[0,0]},"_coverageSchema":"1a1c01bbd47fc00a2c39e90264f33305004495a9","hash":"9a8f532cc457d99d831648420d1f5304f7ced212"}
,"C:\\Users\\evpin\\Desktop\\coding\\projects\\12_pomodoro_spotify\\src\\Components\\Login\\Login\\Login.tsx": {"path":"C:\\Users\\evpin\\Desktop\\coding\\projects\\12_pomodoro_spotify\\src\\Components\\Login\\Login\\Login.tsx","statementMap":{"0":{"start":{"line":13,"column":25},"end":{"line":75,"column":1}},"1":{"start":{"line":14,"column":34},"end":{"line":14,"column":49}},"2":{"start":{"line":16,"column":20},"end":{"line":40,"column":3}},"3":{"start":{"line":17,"column":4},"end":{"line":39,"column":6}},"4":{"start":{"line":24,"column":6},"end":{"line":38,"column":7}},"5":{"start":{"line":25,"column":8},"end":{"line":25,"column":25}},"6":{"start":{"line":26,"column":8},"end":{"line":26,"column":31}},"7":{"start":{"line":27,"column":13},"end":{"line":38,"column":7}},"8":{"start":{"line":29,"column":8},"end":{"line":29,"column":33}},"9":{"start":{"line":30,"column":13},"end":{"line":38,"column":7}},"10":{"start":{"line":31,"column":8},"end":{"line":31,"column":26}},"11":{"start":{"line":32,"column":8},"end":{"line":32,"column":32}},"12":{"start":{"line":33,"column":8},"end":{"line":33,"column":33}},"13":{"start":{"line":35,"column":8},"end":{"line":35,"column":26}},"14":{"start":{"line":36,"column":8},"end":{"line":36,"column":32}},"15":{"start":{"line":37,"column":8},"end":{"line":37,"column":57}},"16":{"start":{"line":42,"column":18},"end":{"line":51,"column":3}},"17":{"start":{"line":43,"column":4},"end":{"line":47,"column":6}},"18":{"start":{"line":44,"column":6},"end":{"line":46,"column":7}},"19":{"start":{"line":45,"column":8},"end":{"line":45,"column":59}},"20":{"start":{"line":49,"column":4},"end":{"line":49,"column":23}},"21":{"start":{"line":50,"column":4},"end":{"line":50,"column":28}},"22":{"start":{"line":53,"column":2},"end":{"line":60,"column":8}},"23":{"start":{"line":54,"column":4},"end":{"line":59,"column":6}},"24":{"start":{"line":55,"column":6},"end":{"line":58,"column":7}},"25":{"start":{"line":56,"column":8},"end":{"line":56,"column":40}},"26":{"start":{"line":57,"column":8},"end":{"line":57,"column":33}},"27":{"start":{"line":62,"column":2},"end":{"line":74,"column":4}}},"fnMap":{"0":{"name":"(anonymous_0)","decl":{"start":{"line":13,"column":25},"end":{"line":13,"column":26}},"loc":{"start":{"line":13,"column":36},"end":{"line":75,"column":1}},"line":13},"1":{"name":"(anonymous_1)","decl":{"start":{"line":16,"column":20},"end":{"line":16,"column":21}},"loc":{"start":{"line":16,"column":26},"end":{"line":40,"column":3}},"line":16},"2":{"name":"(anonymous_2)","decl":{"start":{"line":23,"column":7},"end":{"line":23,"column":8}},"loc":{"start":{"line":23,"column":16},"end":{"line":39,"column":5}},"line":23},"3":{"name":"(anonymous_3)","decl":{"start":{"line":42,"column":18},"end":{"line":42,"column":19}},"loc":{"start":{"line":42,"column":24},"end":{"line":51,"column":3}},"line":42},"4":{"name":"(anonymous_4)","decl":{"start":{"line":43,"column":65},"end":{"line":43,"column":66}},"loc":{"start":{"line":43,"column":74},"end":{"line":47,"column":5}},"line":43},"5":{"name":"(anonymous_5)","decl":{"start":{"line":53,"column":12},"end":{"line":53,"column":13}},"loc":{"start":{"line":53,"column":18},"end":{"line":60,"column":3}},"line":53},"6":{"name":"(anonymous_6)","decl":{"start":{"line":54,"column":52},"end":{"line":54,"column":53}},"loc":{"start":{"line":54,"column":61},"end":{"line":59,"column":5}},"line":54}},"branchMap":{"0":{"loc":{"start":{"line":24,"column":6},"end":{"line":38,"column":7}},"type":"if","locations":[{"start":{"line":24,"column":6},"end":{"line":38,"column":7}},{"start":{"line":27,"column":13},"end":{"line":38,"column":7}}],"line":24},"1":{"loc":{"start":{"line":27,"column":13},"end":{"line":38,"column":7}},"type":"if","locations":[{"start":{"line":27,"column":13},"end":{"line":38,"column":7}},{"start":{"line":30,"column":13},"end":{"line":38,"column":7}}],"line":27},"2":{"loc":{"start":{"line":30,"column":13},"end":{"line":38,"column":7}},"type":"if","locations":[{"start":{"line":30,"column":13},"end":{"line":38,"column":7}},{"start":{"line":34,"column":13},"end":{"line":38,"column":7}}],"line":30},"3":{"loc":{"start":{"line":44,"column":6},"end":{"line":46,"column":7}},"type":"if","locations":[{"start":{"line":44,"column":6},"end":{"line":46,"column":7}},{"start":{},"end":{}}],"line":44},"4":{"loc":{"start":{"line":55,"column":6},"end":{"line":58,"column":7}},"type":"if","locations":[{"start":{"line":55,"column":6},"end":{"line":58,"column":7}},{"start":{},"end":{}}],"line":55},"5":{"loc":{"start":{"line":64,"column":7},"end":{"line":72,"column":7}},"type":"cond-expr","locations":[{"start":{"line":65,"column":8},"end":{"line":65,"column":45}},{"start":{"line":67,"column":8},"end":{"line":71,"column":19}}],"line":64}},"s":{"0":3,"1":19,"2":19,"3":4,"4":4,"5":1,"6":1,"7":3,"8":1,"9":2,"10":1,"11":1,"12":1,"13":1,"14":1,"15":1,"16":19,"17":2,"18":2,"19":1,"20":2,"21":2,"22":19,"23":10,"24":10,"25":4,"26":4,"27":19},"f":{"0":19,"1":4,"2":4,"3":2,"4":2,"5":10,"6":10},"b":{"0":[1,3],"1":[1,2],"2":[1,1],"3":[1,1],"4":[4,6],"5":[7,12]},"_coverageSchema":"1a1c01bbd47fc00a2c39e90264f33305004495a9","hash":"7611146d2347c935426ba8f69fa04ef0fc8f0600"}
,"C:\\Users\\evpin\\Desktop\\coding\\projects\\12_pomodoro_spotify\\src\\Components\\Timer\\Clock\\Clock.tsx": {"path":"C:\\Users\\evpin\\Desktop\\coding\\projects\\12_pomodoro_spotify\\src\\Components\\Timer\\Clock\\Clock.tsx","statementMap":{"0":{"start":{"line":12,"column":18},"end":{"line":178,"column":1}},"1":{"start":{"line":13,"column":36},"end":{"line":13,"column":51}},"2":{"start":{"line":14,"column":54},"end":{"line":14,"column":69}},"3":{"start":{"line":15,"column":14},"end":{"line":15,"column":41}},"4":{"start":{"line":16,"column":28},"end":{"line":21,"column":4}},"5":{"start":{"line":24,"column":23},"end":{"line":24,"column":77}},"6":{"start":{"line":27,"column":21},"end":{"line":67,"column":3}},"7":{"start":{"line":28,"column":4},"end":{"line":66,"column":6}},"8":{"start":{"line":37,"column":21},"end":{"line":37,"column":22}},"9":{"start":{"line":39,"column":8},"end":{"line":57,"column":9}},"10":{"start":{"line":42,"column":12},"end":{"line":42,"column":68}},"11":{"start":{"line":44,"column":12},"end":{"line":44,"column":74}},"12":{"start":{"line":46,"column":12},"end":{"line":46,"column":74}},"13":{"start":{"line":47,"column":10},"end":{"line":47,"column":48}},"14":{"start":{"line":49,"column":12},"end":{"line":49,"column":61}},"15":{"start":{"line":51,"column":12},"end":{"line":51,"column":63}},"16":{"start":{"line":54,"column":10},"end":{"line":54,"column":54}},"17":{"start":{"line":56,"column":10},"end":{"line":56,"column":66}},"18":{"start":{"line":59,"column":8},"end":{"line":64,"column":9}},"19":{"start":{"line":60,"column":10},"end":{"line":63,"column":24}},"20":{"start":{"line":70,"column":30},"end":{"line":77,"column":3}},"21":{"start":{"line":71,"column":4},"end":{"line":76,"column":7}},"22":{"start":{"line":72,"column":6},"end":{"line":75,"column":7}},"23":{"start":{"line":73,"column":8},"end":{"line":73,"column":60}},"24":{"start":{"line":74,"column":8},"end":{"line":74,"column":33}},"25":{"start":{"line":80,"column":21},"end":{"line":94,"column":3}},"26":{"start":{"line":81,"column":4},"end":{"line":89,"column":7}},"27":{"start":{"line":90,"column":4},"end":{"line":90,"column":24}},"28":{"start":{"line":91,"column":4},"end":{"line":91,"column":33}},"29":{"start":{"line":93,"column":4},"end":{"line":93,"column":26}},"30":{"start":{"line":97,"column":21},"end":{"line":109,"column":3}},"31":{"start":{"line":98,"column":4},"end":{"line":106,"column":7}},"32":{"start":{"line":99,"column":22},"end":{"line":99,"column":33}},"33":{"start":{"line":100,"column":6},"end":{"line":105,"column":9}},"34":{"start":{"line":107,"column":4},"end":{"line":107,"column":24}},"35":{"start":{"line":108,"column":4},"end":{"line":108,"column":17}},"36":{"start":{"line":112,"column":2},"end":{"line":123,"column":38}},"37":{"start":{"line":113,"column":4},"end":{"line":121,"column":6}},"38":{"start":{"line":116,"column":8},"end":{"line":119,"column":9}},"39":{"start":{"line":117,"column":10},"end":{"line":117,"column":38}},"40":{"start":{"line":118,"column":10},"end":{"line":118,"column":38}},"41":{"start":{"line":122,"column":4},"end":{"line":122,"column":17}},"42":{"start":{"line":126,"column":2},"end":{"line":130,"column":27}},"43":{"start":{"line":127,"column":4},"end":{"line":129,"column":7}},"44":{"start":{"line":128,"column":6},"end":{"line":128,"column":19}},"45":{"start":{"line":132,"column":2},"end":{"line":177,"column":4}}},"fnMap":{"0":{"name":"(anonymous_0)","decl":{"start":{"line":12,"column":18},"end":{"line":12,"column":19}},"loc":{"start":{"line":12,"column":24},"end":{"line":178,"column":1}},"line":12},"1":{"name":"(anonymous_1)","decl":{"start":{"line":27,"column":21},"end":{"line":27,"column":22}},"loc":{"start":{"line":27,"column":27},"end":{"line":67,"column":3}},"line":27},"2":{"name":"(anonymous_2)","decl":{"start":{"line":36,"column":6},"end":{"line":36,"column":7}},"loc":{"start":{"line":36,"column":15},"end":{"line":65,"column":7}},"line":36},"3":{"name":"(anonymous_3)","decl":{"start":{"line":70,"column":30},"end":{"line":70,"column":31}},"loc":{"start":{"line":70,"column":36},"end":{"line":77,"column":3}},"line":70},"4":{"name":"(anonymous_4)","decl":{"start":{"line":71,"column":62},"end":{"line":71,"column":63}},"loc":{"start":{"line":71,"column":71},"end":{"line":76,"column":5}},"line":71},"5":{"name":"(anonymous_5)","decl":{"start":{"line":80,"column":21},"end":{"line":80,"column":22}},"loc":{"start":{"line":80,"column":27},"end":{"line":94,"column":3}},"line":80},"6":{"name":"(anonymous_6)","decl":{"start":{"line":97,"column":21},"end":{"line":97,"column":22}},"loc":{"start":{"line":97,"column":27},"end":{"line":109,"column":3}},"line":97},"7":{"name":"(anonymous_7)","decl":{"start":{"line":98,"column":51},"end":{"line":98,"column":52}},"loc":{"start":{"line":98,"column":60},"end":{"line":106,"column":5}},"line":98},"8":{"name":"(anonymous_8)","decl":{"start":{"line":112,"column":12},"end":{"line":112,"column":13}},"loc":{"start":{"line":112,"column":18},"end":{"line":123,"column":3}},"line":112},"9":{"name":"(anonymous_9)","decl":{"start":{"line":115,"column":6},"end":{"line":115,"column":7}},"loc":{"start":{"line":115,"column":15},"end":{"line":120,"column":7}},"line":115},"10":{"name":"(anonymous_10)","decl":{"start":{"line":126,"column":12},"end":{"line":126,"column":13}},"loc":{"start":{"line":126,"column":18},"end":{"line":130,"column":3}},"line":126},"11":{"name":"(anonymous_11)","decl":{"start":{"line":127,"column":41},"end":{"line":127,"column":42}},"loc":{"start":{"line":127,"column":47},"end":{"line":129,"column":5}},"line":127}},"branchMap":{"0":{"loc":{"start":{"line":39,"column":8},"end":{"line":57,"column":9}},"type":"if","locations":[{"start":{"line":39,"column":8},"end":{"line":57,"column":9}},{"start":{"line":55,"column":15},"end":{"line":57,"column":9}}],"line":39},"1":{"loc":{"start":{"line":42,"column":12},"end":{"line":42,"column":68}},"type":"cond-expr","locations":[{"start":{"line":42,"column":30},"end":{"line":42,"column":50}},{"start":{"line":42,"column":53},"end":{"line":42,"column":68}}],"line":42},"2":{"loc":{"start":{"line":44,"column":12},"end":{"line":44,"column":74}},"type":"cond-expr","locations":[{"start":{"line":44,"column":32},"end":{"line":44,"column":54}},{"start":{"line":44,"column":57},"end":{"line":44,"column":74}}],"line":44},"3":{"loc":{"start":{"line":46,"column":12},"end":{"line":46,"column":74}},"type":"cond-expr","locations":[{"start":{"line":46,"column":32},"end":{"line":46,"column":54}},{"start":{"line":46,"column":57},"end":{"line":46,"column":74}}],"line":46},"4":{"loc":{"start":{"line":59,"column":8},"end":{"line":64,"column":9}},"type":"if","locations":[{"start":{"line":59,"column":8},"end":{"line":64,"column":9}},{"start":{},"end":{}}],"line":59},"5":{"loc":{"start":{"line":72,"column":6},"end":{"line":75,"column":7}},"type":"if","locations":[{"start":{"line":72,"column":6},"end":{"line":75,"column":7}},{"start":{},"end":{}}],"line":72},"6":{"loc":{"start":{"line":116,"column":8},"end":{"line":119,"column":9}},"type":"if","locations":[{"start":{"line":116,"column":8},"end":{"line":119,"column":9}},{"start":{},"end":{}}],"line":116},"7":{"loc":{"start":{"line":149,"column":7},"end":{"line":175,"column":7}},"type":"binary-expr","locations":[{"start":{"line":149,"column":7},"end":{"line":149,"column":25}},{"start":{"line":150,"column":8},"end":{"line":174,"column":19}}],"line":149},"8":{"loc":{"start":{"line":156,"column":11},"end":{"line":168,"column":11}},"type":"cond-expr","locations":[{"start":{"line":157,"column":12},"end":{"line":161,"column":24}},{"start":{"line":163,"column":12},"end":{"line":167,"column":25}}],"line":156}},"s":{"0":3,"1":35,"2":35,"3":35,"4":35,"5":35,"6":35,"7":23,"8":23,"9":23,"10":16,"11":16,"12":16,"13":16,"14":16,"15":16,"16":16,"17":7,"18":23,"19":11,"20":35,"21":1,"22":1,"23":1,"24":1,"25":35,"26":1,"27":1,"28":1,"29":1,"30":35,"31":3,"32":3,"33":3,"34":3,"35":3,"36":35,"37":20,"38":20,"39":13,"40":13,"41":20,"42":35,"43":19,"44":0,"45":35},"f":{"0":35,"1":23,"2":23,"3":1,"4":1,"5":1,"6":3,"7":3,"8":20,"9":20,"10":19,"11":0},"b":{"0":[16,7],"1":[0,16],"2":[7,9],"3":[9,7],"4":[11,12],"5":[1,0],"6":[13,7],"7":[35,17],"8":[15,2]},"_coverageSchema":"1a1c01bbd47fc00a2c39e90264f33305004495a9","hash":"f37ff1db0d703e2f6fa8be9edea46cdfdbb764f8"}
,"C:\\Users\\evpin\\Desktop\\coding\\projects\\12_pomodoro_spotify\\src\\Components\\Timer\\FocusText\\FocusText.tsx": {"path":"C:\\Users\\evpin\\Desktop\\coding\\projects\\12_pomodoro_spotify\\src\\Components\\Timer\\FocusText\\FocusText.tsx","statementMap":{"0":{"start":{"line":6,"column":22},"end":{"line":37,"column":1}},"1":{"start":{"line":7,"column":40},"end":{"line":7,"column":52}},"2":{"start":{"line":8,"column":54},"end":{"line":8,"column":69}},"3":{"start":{"line":9,"column":14},"end":{"line":9,"column":41}},"4":{"start":{"line":11,"column":2},"end":{"line":24,"column":55}},"5":{"start":{"line":12,"column":4},"end":{"line":23,"column":6}},"6":{"start":{"line":15,"column":8},"end":{"line":21,"column":9}},"7":{"start":{"line":16,"column":10},"end":{"line":16,"column":42}},"8":{"start":{"line":17,"column":10},"end":{"line":17,"column":38}},"9":{"start":{"line":19,"column":10},"end":{"line":19,"column":29}},"10":{"start":{"line":20,"column":10},"end":{"line":20,"column":39}},"11":{"start":{"line":26,"column":2},"end":{"line":36,"column":4}}},"fnMap":{"0":{"name":"(anonymous_0)","decl":{"start":{"line":6,"column":22},"end":{"line":6,"column":23}},"loc":{"start":{"line":6,"column":28},"end":{"line":37,"column":1}},"line":6},"1":{"name":"(anonymous_1)","decl":{"start":{"line":11,"column":12},"end":{"line":11,"column":13}},"loc":{"start":{"line":11,"column":18},"end":{"line":24,"column":3}},"line":11},"2":{"name":"(anonymous_2)","decl":{"start":{"line":14,"column":6},"end":{"line":14,"column":7}},"loc":{"start":{"line":14,"column":15},"end":{"line":22,"column":7}},"line":14}},"branchMap":{"0":{"loc":{"start":{"line":15,"column":8},"end":{"line":21,"column":9}},"type":"if","locations":[{"start":{"line":15,"column":8},"end":{"line":21,"column":9}},{"start":{"line":18,"column":15},"end":{"line":21,"column":9}}],"line":15},"1":{"loc":{"start":{"line":28,"column":7},"end":{"line":34,"column":7}},"type":"cond-expr","locations":[{"start":{"line":29,"column":8},"end":{"line":31,"column":17}},{"start":{"line":33,"column":8},"end":{"line":33,"column":57}}],"line":28}},"s":{"0":3,"1":12,"2":12,"3":12,"4":12,"5":7,"6":7,"7":2,"8":2,"9":5,"10":5,"11":12},"f":{"0":12,"1":7,"2":7},"b":{"0":[2,5],"1":[2,10]},"_coverageSchema":"1a1c01bbd47fc00a2c39e90264f33305004495a9","hash":"f6f245162b1fef81e0f30857f9821d70dca7a61d"}
,"C:\\Users\\evpin\\Desktop\\coding\\projects\\12_pomodoro_spotify\\src\\Components\\Timer\\Timer\\Timer.tsx": {"path":"C:\\Users\\evpin\\Desktop\\coding\\projects\\12_pomodoro_spotify\\src\\Components\\Timer\\Timer\\Timer.tsx","statementMap":{"0":{"start":{"line":17,"column":24},"end":{"line":96,"column":1}},"1":{"start":{"line":18,"column":34},"end":{"line":18,"column":49}},"2":{"start":{"line":19,"column":38},"end":{"line":19,"column":53}},"3":{"start":{"line":20,"column":38},"end":{"line":20,"column":53}},"4":{"start":{"line":23,"column":23},"end":{"line":25,"column":3}},"5":{"start":{"line":24,"column":4},"end":{"line":24,"column":37}},"6":{"start":{"line":28,"column":2},"end":{"line":44,"column":9}},"7":{"start":{"line":29,"column":4},"end":{"line":43,"column":6}},"8":{"start":{"line":32,"column":28},"end":{"line":32,"column":40}},"9":{"start":{"line":34,"column":8},"end":{"line":40,"column":9}},"10":{"start":{"line":35,"column":10},"end":{"line":35,"column":30}},"11":{"start":{"line":36,"column":10},"end":{"line":36,"column":78}},"12":{"start":{"line":38,"column":10},"end":{"line":38,"column":32}},"13":{"start":{"line":39,"column":10},"end":{"line":39,"column":64}},"14":{"start":{"line":41,"column":8},"end":{"line":41,"column":35}},"15":{"start":{"line":47,"column":29},"end":{"line":50,"column":3}},"16":{"start":{"line":48,"column":4},"end":{"line":48,"column":23}},"17":{"start":{"line":49,"column":4},"end":{"line":49,"column":25}},"18":{"start":{"line":53,"column":29},"end":{"line":77,"column":3}},"19":{"start":{"line":54,"column":4},"end":{"line":54,"column":45}},"20":{"start":{"line":55,"column":4},"end":{"line":66,"column":5}},"21":{"start":{"line":56,"column":6},"end":{"line":65,"column":8}},"22":{"start":{"line":61,"column":27},"end":{"line":61,"column":47}},"23":{"start":{"line":67,"column":4},"end":{"line":76,"column":6}},"24":{"start":{"line":72,"column":25},"end":{"line":72,"column":44}},"25":{"start":{"line":80,"column":2},"end":{"line":95,"column":4}}},"fnMap":{"0":{"name":"(anonymous_0)","decl":{"start":{"line":17,"column":24},"end":{"line":17,"column":25}},"loc":{"start":{"line":17,"column":35},"end":{"line":96,"column":1}},"line":17},"1":{"name":"(anonymous_1)","decl":{"start":{"line":23,"column":23},"end":{"line":23,"column":24}},"loc":{"start":{"line":23,"column":29},"end":{"line":25,"column":3}},"line":23},"2":{"name":"(anonymous_2)","decl":{"start":{"line":28,"column":12},"end":{"line":28,"column":13}},"loc":{"start":{"line":28,"column":18},"end":{"line":44,"column":3}},"line":28},"3":{"name":"(anonymous_3)","decl":{"start":{"line":31,"column":6},"end":{"line":31,"column":7}},"loc":{"start":{"line":31,"column":15},"end":{"line":42,"column":7}},"line":31},"4":{"name":"(anonymous_4)","decl":{"start":{"line":47,"column":29},"end":{"line":47,"column":30}},"loc":{"start":{"line":47,"column":49},"end":{"line":50,"column":3}},"line":47},"5":{"name":"(anonymous_5)","decl":{"start":{"line":53,"column":29},"end":{"line":53,"column":30}},"loc":{"start":{"line":53,"column":35},"end":{"line":77,"column":3}},"line":53},"6":{"name":"(anonymous_6)","decl":{"start":{"line":61,"column":21},"end":{"line":61,"column":22}},"loc":{"start":{"line":61,"column":27},"end":{"line":61,"column":47}},"line":61},"7":{"name":"(anonymous_7)","decl":{"start":{"line":72,"column":19},"end":{"line":72,"column":20}},"loc":{"start":{"line":72,"column":25},"end":{"line":72,"column":44}},"line":72}},"branchMap":{"0":{"loc":{"start":{"line":34,"column":8},"end":{"line":40,"column":9}},"type":"if","locations":[{"start":{"line":34,"column":8},"end":{"line":40,"column":9}},{"start":{"line":37,"column":15},"end":{"line":40,"column":9}}],"line":34},"1":{"loc":{"start":{"line":34,"column":12},"end":{"line":34,"column":63}},"type":"binary-expr","locations":[{"start":{"line":34,"column":12},"end":{"line":34,"column":25}},{"start":{"line":34,"column":29},"end":{"line":34,"column":63}}],"line":34},"2":{"loc":{"start":{"line":36,"column":24},"end":{"line":36,"column":76}},"type":"cond-expr","locations":[{"start":{"line":36,"column":55},"end":{"line":36,"column":69}},{"start":{"line":36,"column":72},"end":{"line":36,"column":76}}],"line":36},"3":{"loc":{"start":{"line":55,"column":4},"end":{"line":66,"column":5}},"type":"if","locations":[{"start":{"line":55,"column":4},"end":{"line":66,"column":5}},{"start":{},"end":{}}],"line":55},"4":{"loc":{"start":{"line":83,"column":9},"end":{"line":83,"column":63}},"type":"cond-expr","locations":[{"start":{"line":83,"column":34},"end":{"line":83,"column":51}},{"start":{"line":83,"column":54},"end":{"line":83,"column":63}}],"line":83},"5":{"loc":{"start":{"line":83,"column":9},"end":{"line":83,"column":31}},"type":"binary-expr","locations":[{"start":{"line":83,"column":9},"end":{"line":83,"column":17}},{"start":{"line":83,"column":21},"end":{"line":83,"column":31}}],"line":83},"6":{"loc":{"start":{"line":93,"column":7},"end":{"line":93,"column":41}},"type":"binary-expr","locations":[{"start":{"line":93,"column":7},"end":{"line":93,"column":17}},{"start":{"line":93,"column":21},"end":{"line":93,"column":41}}],"line":93}},"s":{"0":2,"1":8,"2":8,"3":8,"4":8,"5":1,"6":8,"7":4,"8":4,"9":4,"10":2,"11":2,"12":2,"13":2,"14":4,"15":8,"16":2,"17":2,"18":8,"19":4,"20":4,"21":3,"22":1,"23":1,"24":1,"25":8},"f":{"0":8,"1":1,"2":4,"3":4,"4":2,"5":4,"6":1,"7":1},"b":{"0":[2,2],"1":[4,2],"2":[0,2],"3":[3,1],"4":[3,5],"5":[8,4],"6":[8,4]},"_coverageSchema":"1a1c01bbd47fc00a2c39e90264f33305004495a9","hash":"6a60c2fe515886a8eda8fa6323fbb468c65decfe"}
,"C:\\Users\\evpin\\Desktop\\coding\\projects\\12_pomodoro_spotify\\src\\Components\\UserInput\\Description\\Description.tsx": {"path":"C:\\Users\\evpin\\Desktop\\coding\\projects\\12_pomodoro_spotify\\src\\Components\\UserInput\\Description\\Description.tsx","statementMap":{"0":{"start":{"line":15,"column":31},"end":{"line":67,"column":1}},"1":{"start":{"line":16,"column":21},"end":{"line":16,"column":37}},"2":{"start":{"line":19,"column":29},"end":{"line":27,"column":3}},"3":{"start":{"line":20,"column":24},"end":{"line":20,"column":42}},"4":{"start":{"line":21,"column":4},"end":{"line":26,"column":5}},"5":{"start":{"line":22,"column":6},"end":{"line":22,"column":67}},"6":{"start":{"line":24,"column":6},"end":{"line":24,"column":32}},"7":{"start":{"line":25,"column":6},"end":{"line":25,"column":78}},"8":{"start":{"line":30,"column":32},"end":{"line":33,"column":3}},"9":{"start":{"line":31,"column":10},"end":{"line":31,"column":43}},"10":{"start":{"line":37,"column":2},"end":{"line":47,"column":9}},"11":{"start":{"line":38,"column":28},"end":{"line":38,"column":66}},"12":{"start":{"line":39,"column":4},"end":{"line":46,"column":7}},"13":{"start":{"line":40,"column":31},"end":{"line":40,"column":46}},"14":{"start":{"line":42,"column":6},"end":{"line":45,"column":7}},"15":{"start":{"line":43,"column":8},"end":{"line":43,"column":53}},"16":{"start":{"line":44,"column":8},"end":{"line":44,"column":47}},"17":{"start":{"line":49,"column":2},"end":{"line":66,"column":4}}},"fnMap":{"0":{"name":"(anonymous_0)","decl":{"start":{"line":15,"column":31},"end":{"line":15,"column":32}},"loc":{"start":{"line":15,"column":55},"end":{"line":67,"column":1}},"line":15},"1":{"name":"(anonymous_1)","decl":{"start":{"line":19,"column":29},"end":{"line":19,"column":30}},"loc":{"start":{"line":19,"column":74},"end":{"line":27,"column":3}},"line":19},"2":{"name":"(anonymous_2)","decl":{"start":{"line":31,"column":4},"end":{"line":31,"column":5}},"loc":{"start":{"line":31,"column":10},"end":{"line":31,"column":43}},"line":31},"3":{"name":"(anonymous_3)","decl":{"start":{"line":37,"column":12},"end":{"line":37,"column":13}},"loc":{"start":{"line":37,"column":18},"end":{"line":47,"column":3}},"line":37},"4":{"name":"(anonymous_4)","decl":{"start":{"line":39,"column":55},"end":{"line":39,"column":56}},"loc":{"start":{"line":39,"column":64},"end":{"line":46,"column":5}},"line":39}},"branchMap":{"0":{"loc":{"start":{"line":21,"column":4},"end":{"line":26,"column":5}},"type":"if","locations":[{"start":{"line":21,"column":4},"end":{"line":26,"column":5}},{"start":{"line":23,"column":11},"end":{"line":26,"column":5}}],"line":21},"1":{"loc":{"start":{"line":25,"column":27},"end":{"line":25,"column":76}},"type":"cond-expr","locations":[{"start":{"line":25,"column":52},"end":{"line":25,"column":63}},{"start":{"line":25,"column":66},"end":{"line":25,"column":76}}],"line":25},"2":{"loc":{"start":{"line":42,"column":6},"end":{"line":45,"column":7}},"type":"if","locations":[{"start":{"line":42,"column":6},"end":{"line":45,"column":7}},{"start":{},"end":{}}],"line":42},"3":{"loc":{"start":{"line":42,"column":10},"end":{"line":42,"column":45}},"type":"binary-expr","locations":[{"start":{"line":42,"column":10},"end":{"line":42,"column":25}},{"start":{"line":42,"column":29},"end":{"line":42,"column":45}}],"line":42}},"s":{"0":3,"1":4,"2":4,"3":2,"4":2,"5":1,"6":1,"7":1,"8":4,"9":4,"10":4,"11":4,"12":4,"13":4,"14":4,"15":1,"16":1,"17":4},"f":{"0":4,"1":2,"2":4,"3":4,"4":4},"b":{"0":[1,1],"1":[1,0],"2":[1,3],"3":[4,4]},"_coverageSchema":"1a1c01bbd47fc00a2c39e90264f33305004495a9","hash":"bca7c93b88f67ec1cfdeae16241fc14b0dd96fe5"}
,"C:\\Users\\evpin\\Desktop\\coding\\projects\\12_pomodoro_spotify\\src\\Components\\UserInput\\Time\\Time.tsx": {"path":"C:\\Users\\evpin\\Desktop\\coding\\projects\\12_pomodoro_spotify\\src\\Components\\UserInput\\Time\\Time.tsx","statementMap":{"0":{"start":{"line":22,"column":32},"end":{"line":139,"column":1}},"1":{"start":{"line":23,"column":28},"end":{"line":23,"column":39}},"2":{"start":{"line":24,"column":32},"end":{"line":24,"column":43}},"3":{"start":{"line":26,"column":26},"end":{"line":39,"column":3}},"4":{"start":{"line":27,"column":18},"end":{"line":27,"column":37}},"5":{"start":{"line":28,"column":4},"end":{"line":28,"column":25}},"6":{"start":{"line":30,"column":4},"end":{"line":38,"column":5}},"7":{"start":{"line":31,"column":6},"end":{"line":31,"column":59}},"8":{"start":{"line":32,"column":11},"end":{"line":38,"column":5}},"9":{"start":{"line":33,"column":6},"end":{"line":33,"column":67}},"10":{"start":{"line":35,"column":6},"end":{"line":35,"column":22}},"11":{"start":{"line":36,"column":6},"end":{"line":36,"column":28}},"12":{"start":{"line":37,"column":6},"end":{"line":37,"column":32}},"13":{"start":{"line":41,"column":28},"end":{"line":54,"column":3}},"14":{"start":{"line":42,"column":18},"end":{"line":42,"column":37}},"15":{"start":{"line":43,"column":4},"end":{"line":43,"column":27}},"16":{"start":{"line":45,"column":4},"end":{"line":53,"column":5}},"17":{"start":{"line":46,"column":6},"end":{"line":46,"column":61}},"18":{"start":{"line":47,"column":11},"end":{"line":53,"column":5}},"19":{"start":{"line":48,"column":6},"end":{"line":48,"column":67}},"20":{"start":{"line":50,"column":6},"end":{"line":50,"column":24}},"21":{"start":{"line":51,"column":6},"end":{"line":51,"column":30}},"22":{"start":{"line":52,"column":6},"end":{"line":52,"column":32}},"23":{"start":{"line":56,"column":23},"end":{"line":61,"column":3}},"24":{"start":{"line":57,"column":16},"end":{"line":57,"column":25}},"25":{"start":{"line":58,"column":4},"end":{"line":60,"column":5}},"26":{"start":{"line":59,"column":6},"end":{"line":59,"column":29}},"27":{"start":{"line":64,"column":32},"end":{"line":67,"column":3}},"28":{"start":{"line":65,"column":10},"end":{"line":65,"column":40}},"29":{"start":{"line":69,"column":34},"end":{"line":72,"column":3}},"30":{"start":{"line":70,"column":10},"end":{"line":70,"column":42}},"31":{"start":{"line":74,"column":2},"end":{"line":94,"column":9}},"32":{"start":{"line":75,"column":24},"end":{"line":75,"column":78}},"33":{"start":{"line":76,"column":22},"end":{"line":76,"column":74}},"34":{"start":{"line":77,"column":4},"end":{"line":93,"column":7}},"35":{"start":{"line":78,"column":25},"end":{"line":78,"column":57}},"36":{"start":{"line":79,"column":27},"end":{"line":79,"column":61}},"37":{"start":{"line":80,"column":6},"end":{"line":84,"column":7}},"38":{"start":{"line":81,"column":8},"end":{"line":81,"column":35}},"39":{"start":{"line":82,"column":8},"end":{"line":82,"column":28}},"40":{"start":{"line":83,"column":8},"end":{"line":83,"column":52}},"41":{"start":{"line":85,"column":6},"end":{"line":89,"column":7}},"42":{"start":{"line":86,"column":8},"end":{"line":86,"column":39}},"43":{"start":{"line":87,"column":8},"end":{"line":87,"column":32}},"44":{"start":{"line":88,"column":8},"end":{"line":88,"column":56}},"45":{"start":{"line":90,"column":6},"end":{"line":92,"column":7}},"46":{"start":{"line":91,"column":8},"end":{"line":91,"column":69}},"47":{"start":{"line":96,"column":2},"end":{"line":138,"column":4}}},"fnMap":{"0":{"name":"(anonymous_0)","decl":{"start":{"line":22,"column":32},"end":{"line":22,"column":33}},"loc":{"start":{"line":22,"column":56},"end":{"line":139,"column":1}},"line":22},"1":{"name":"(anonymous_1)","decl":{"start":{"line":26,"column":26},"end":{"line":26,"column":27}},"loc":{"start":{"line":26,"column":68},"end":{"line":39,"column":3}},"line":26},"2":{"name":"(anonymous_2)","decl":{"start":{"line":41,"column":28},"end":{"line":41,"column":29}},"loc":{"start":{"line":41,"column":70},"end":{"line":54,"column":3}},"line":41},"3":{"name":"(anonymous_3)","decl":{"start":{"line":56,"column":23},"end":{"line":56,"column":24}},"loc":{"start":{"line":56,"column":49},"end":{"line":61,"column":3}},"line":56},"4":{"name":"(anonymous_4)","decl":{"start":{"line":65,"column":4},"end":{"line":65,"column":5}},"loc":{"start":{"line":65,"column":10},"end":{"line":65,"column":40}},"line":65},"5":{"name":"(anonymous_5)","decl":{"start":{"line":70,"column":4},"end":{"line":70,"column":5}},"loc":{"start":{"line":70,"column":10},"end":{"line":70,"column":42}},"line":70},"6":{"name":"(anonymous_6)","decl":{"start":{"line":74,"column":12},"end":{"line":74,"column":13}},"loc":{"start":{"line":74,"column":18},"end":{"line":94,"column":3}},"line":74},"7":{"name":"(anonymous_7)","decl":{"start":{"line":77,"column":51},"end":{"line":77,"column":52}},"loc":{"start":{"line":77,"column":60},"end":{"line":93,"column":5}},"line":77}},"branchMap":{"0":{"loc":{"start":{"line":30,"column":4},"end":{"line":38,"column":5}},"type":"if","locations":[{"start":{"line":30,"column":4},"end":{"line":38,"column":5}},{"start":{"line":32,"column":11},"end":{"line":38,"column":5}}],"line":30},"1":{"loc":{"start":{"line":32,"column":11},"end":{"line":38,"column":5}},"type":"if","locations":[{"start":{"line":32,"column":11},"end":{"line":38,"column":5}},{"start":{"line":34,"column":11},"end":{"line":38,"column":5}}],"line":32},"2":{"loc":{"start":{"line":32,"column":15},"end":{"line":32,"column":43}},"type":"binary-expr","locations":[{"start":{"line":32,"column":15},"end":{"line":32,"column":26}},{"start":{"line":32,"column":30},"end":{"line":32,"column":43}}],"line":32},"3":{"loc":{"start":{"line":45,"column":4},"end":{"line":53,"column":5}},"type":"if","locations":[{"start":{"line":45,"column":4},"end":{"line":53,"column":5}},{"start":{"line":47,"column":11},"end":{"line":53,"column":5}}],"line":45},"4":{"loc":{"start":{"line":47,"column":11},"end":{"line":53,"column":5}},"type":"if","locations":[{"start":{"line":47,"column":11},"end":{"line":53,"column":5}},{"start":{"line":49,"column":11},"end":{"line":53,"column":5}}],"line":47},"5":{"loc":{"start":{"line":47,"column":15},"end":{"line":47,"column":41}},"type":"binary-expr","locations":[{"start":{"line":47,"column":15},"end":{"line":47,"column":26}},{"start":{"line":47,"column":30},"end":{"line":47,"column":41}}],"line":47},"6":{"loc":{"start":{"line":58,"column":4},"end":{"line":60,"column":5}},"type":"if","locations":[{"start":{"line":58,"column":4},"end":{"line":60,"column":5}},{"start":{},"end":{}}],"line":58},"7":{"loc":{"start":{"line":58,"column":8},"end":{"line":58,"column":34}},"type":"binary-expr","locations":[{"start":{"line":58,"column":8},"end":{"line":58,"column":19}},{"start":{"line":58,"column":23},"end":{"line":58,"column":34}}],"line":58},"8":{"loc":{"start":{"line":78,"column":25},"end":{"line":78,"column":57}},"type":"binary-expr","locations":[{"start":{"line":78,"column":25},"end":{"line":78,"column":36}},{"start":{"line":78,"column":40},"end":{"line":78,"column":57}}],"line":78},"9":{"loc":{"start":{"line":79,"column":27},"end":{"line":79,"column":61}},"type":"binary-expr","locations":[{"start":{"line":79,"column":27},"end":{"line":79,"column":38}},{"start":{"line":79,"column":42},"end":{"line":79,"column":61}}],"line":79},"10":{"loc":{"start":{"line":80,"column":6},"end":{"line":84,"column":7}},"type":"if","locations":[{"start":{"line":80,"column":6},"end":{"line":84,"column":7}},{"start":{},"end":{}}],"line":80},"11":{"loc":{"start":{"line":80,"column":10},"end":{"line":80,"column":65}},"type":"binary-expr","locations":[{"start":{"line":80,"column":10},"end":{"line":80,"column":19}},{"start":{"line":80,"column":23},"end":{"line":80,"column":47}},{"start":{"line":80,"column":51},"end":{"line":80,"column":65}}],"line":80},"12":{"loc":{"start":{"line":85,"column":6},"end":{"line":89,"column":7}},"type":"if","locations":[{"start":{"line":85,"column":6},"end":{"line":89,"column":7}},{"start":{},"end":{}}],"line":85},"13":{"loc":{"start":{"line":85,"column":10},"end":{"line":85,"column":71}},"type":"binary-expr","locations":[{"start":{"line":85,"column":10},"end":{"line":85,"column":36}},{"start":{"line":85,"column":40},"end":{"line":85,"column":56}},{"start":{"line":85,"column":60},"end":{"line":85,"column":71}}],"line":85},"14":{"loc":{"start":{"line":90,"column":6},"end":{"line":92,"column":7}},"type":"if","locations":[{"start":{"line":90,"column":6},"end":{"line":92,"column":7}},{"start":{},"end":{}}],"line":90},"15":{"loc":{"start":{"line":90,"column":10},"end":{"line":90,"column":64}},"type":"binary-expr","locations":[{"start":{"line":90,"column":10},"end":{"line":90,"column":34}},{"start":{"line":90,"column":38},"end":{"line":90,"column":64}}],"line":90}},"s":{"0":3,"1":0,"2":0,"3":0,"4":0,"5":0,"6":0,"7":0,"8":0,"9":0,"10":0,"11":0,"12":0,"13":0,"14":0,"15":0,"16":0,"17":0,"18":0,"19":0,"20":0,"21":0,"22":0,"23":0,"24":0,"25":0,"26":0,"27":0,"28":0,"29":0,"30":0,"31":0,"32":0,"33":0,"34":0,"35":0,"36":0,"37":0,"38":0,"39":0,"40":0,"41":0,"42":0,"43":0,"44":0,"45":0,"46":0,"47":0},"f":{"0":0,"1":0,"2":0,"3":0,"4":0,"5":0,"6":0,"7":0},"b":{"0":[0,0],"1":[0,0],"2":[0,0],"3":[0,0],"4":[0,0],"5":[0,0],"6":[0,0],"7":[0,0],"8":[0,0],"9":[0,0],"10":[0,0],"11":[0,0,0],"12":[0,0],"13":[0,0,0],"14":[0,0],"15":[0,0]},"_coverageSchema":"1a1c01bbd47fc00a2c39e90264f33305004495a9","hash":"1539795eb4bd2eb881fd36f4117d4515b7c26f19"}
,"C:\\Users\\evpin\\Desktop\\coding\\projects\\12_pomodoro_spotify\\src\\Components\\UserInput\\UserInput\\UserInput.tsx": {"path":"C:\\Users\\evpin\\Desktop\\coding\\projects\\12_pomodoro_spotify\\src\\Components\\UserInput\\UserInput\\UserInput.tsx","statementMap":{"0":{"start":{"line":13,"column":34},"end":{"line":119,"column":1}},"1":{"start":{"line":14,"column":36},"end":{"line":14,"column":51}},"2":{"start":{"line":15,"column":28},"end":{"line":15,"column":39}},"3":{"start":{"line":16,"column":32},"end":{"line":16,"column":43}},"4":{"start":{"line":17,"column":21},"end":{"line":17,"column":33}},"5":{"start":{"line":18,"column":40},"end":{"line":18,"column":60}},"6":{"start":{"line":19,"column":50},"end":{"line":19,"column":62}},"7":{"start":{"line":20,"column":64},"end":{"line":20,"column":76}},"8":{"start":{"line":21,"column":42},"end":{"line":21,"column":54}},"9":{"start":{"line":23,"column":14},"end":{"line":23,"column":41}},"10":{"start":{"line":25,"column":26},"end":{"line":58,"column":3}},"11":{"start":{"line":27,"column":4},"end":{"line":57,"column":5}},"12":{"start":{"line":28,"column":6},"end":{"line":28,"column":40}},"13":{"start":{"line":29,"column":6},"end":{"line":29,"column":25}},"14":{"start":{"line":30,"column":11},"end":{"line":57,"column":5}},"15":{"start":{"line":31,"column":6},"end":{"line":31,"column":47}},"16":{"start":{"line":32,"column":6},"end":{"line":32,"column":25}},"17":{"start":{"line":35,"column":6},"end":{"line":47,"column":9}},"18":{"start":{"line":50,"column":6},"end":{"line":50,"column":26}},"19":{"start":{"line":53,"column":6},"end":{"line":53,"column":38}},"20":{"start":{"line":56,"column":6},"end":{"line":56,"column":28}},"21":{"start":{"line":60,"column":27},"end":{"line":62,"column":3}},"22":{"start":{"line":61,"column":4},"end":{"line":61,"column":36}},"23":{"start":{"line":64,"column":32},"end":{"line":66,"column":3}},"24":{"start":{"line":65,"column":4},"end":{"line":65,"column":25}},"25":{"start":{"line":68,"column":37},"end":{"line":70,"column":3}},"26":{"start":{"line":69,"column":4},"end":{"line":69,"column":29}},"27":{"start":{"line":72,"column":44},"end":{"line":74,"column":3}},"28":{"start":{"line":73,"column":4},"end":{"line":73,"column":36}},"29":{"start":{"line":76,"column":26},"end":{"line":78,"column":3}},"30":{"start":{"line":77,"column":4},"end":{"line":77,"column":19}},"31":{"start":{"line":80,"column":28},"end":{"line":82,"column":3}},"32":{"start":{"line":81,"column":4},"end":{"line":81,"column":22}},"33":{"start":{"line":84,"column":2},"end":{"line":118,"column":4}}},"fnMap":{"0":{"name":"(anonymous_0)","decl":{"start":{"line":13,"column":34},"end":{"line":13,"column":35}},"loc":{"start":{"line":13,"column":58},"end":{"line":119,"column":1}},"line":13},"1":{"name":"(anonymous_1)","decl":{"start":{"line":25,"column":26},"end":{"line":25,"column":27}},"loc":{"start":{"line":25,"column":32},"end":{"line":58,"column":3}},"line":25},"2":{"name":"(anonymous_2)","decl":{"start":{"line":60,"column":27},"end":{"line":60,"column":28}},"loc":{"start":{"line":60,"column":33},"end":{"line":62,"column":3}},"line":60},"3":{"name":"(anonymous_3)","decl":{"start":{"line":64,"column":32},"end":{"line":64,"column":33}},"loc":{"start":{"line":64,"column":50},"end":{"line":66,"column":3}},"line":64},"4":{"name":"(anonymous_4)","decl":{"start":{"line":68,"column":37},"end":{"line":68,"column":38}},"loc":{"start":{"line":68,"column":55},"end":{"line":70,"column":3}},"line":68},"5":{"name":"(anonymous_5)","decl":{"start":{"line":72,"column":44},"end":{"line":72,"column":45}},"loc":{"start":{"line":72,"column":62},"end":{"line":74,"column":3}},"line":72},"6":{"name":"(anonymous_6)","decl":{"start":{"line":76,"column":26},"end":{"line":76,"column":27}},"loc":{"start":{"line":76,"column":45},"end":{"line":78,"column":3}},"line":76},"7":{"name":"(anonymous_7)","decl":{"start":{"line":80,"column":28},"end":{"line":80,"column":29}},"loc":{"start":{"line":80,"column":47},"end":{"line":82,"column":3}},"line":80}},"branchMap":{"0":{"loc":{"start":{"line":27,"column":4},"end":{"line":57,"column":5}},"type":"if","locations":[{"start":{"line":27,"column":4},"end":{"line":57,"column":5}},{"start":{"line":30,"column":11},"end":{"line":57,"column":5}}],"line":27},"1":{"loc":{"start":{"line":30,"column":11},"end":{"line":57,"column":5}},"type":"if","locations":[{"start":{"line":30,"column":11},"end":{"line":57,"column":5}},{"start":{"line":34,"column":9},"end":{"line":57,"column":5}}],"line":30},"2":{"loc":{"start":{"line":109,"column":9},"end":{"line":111,"column":9}},"type":"binary-expr","locations":[{"start":{"line":109,"column":9},"end":{"line":109,"column":18}},{"start":{"line":110,"column":10},"end":{"line":110,"column":64}}],"line":109}},"s":{"0":2,"1":0,"2":0,"3":0,"4":0,"5":0,"6":0,"7":0,"8":0,"9":0,"10":0,"11":0,"12":0,"13":0,"14":0,"15":0,"16":0,"17":0,"18":0,"19":0,"20":0,"21":0,"22":0,"23":0,"24":0,"25":0,"26":0,"27":0,"28":0,"29":0,"30":0,"31":0,"32":0,"33":0},"f":{"0":0,"1":0,"2":0,"3":0,"4":0,"5":0,"6":0,"7":0},"b":{"0":[0,0],"1":[0,0],"2":[0,0]},"_coverageSchema":"1a1c01bbd47fc00a2c39e90264f33305004495a9","hash":"7362bfbf4f851030ae4c06555dc4563f7facadd4"}
,"C:\\Users\\evpin\\Desktop\\coding\\projects\\12_pomodoro_spotify\\src\\Utils\\ChromeUtils.tsx": {"path":"C:\\Users\\evpin\\Desktop\\coding\\projects\\12_pomodoro_spotify\\src\\Utils\\ChromeUtils.tsx","statementMap":{"0":{"start":{"line":2,"column":19},"end":{"line":14,"column":1}}},"fnMap":{},"branchMap":{},"s":{"0":8},"f":{},"b":{},"_coverageSchema":"1a1c01bbd47fc00a2c39e90264f33305004495a9","hash":"fea65d59e605b6a7151e8e2fc80168055afe82a9"}
,"C:\\Users\\evpin\\Desktop\\coding\\projects\\12_pomodoro_spotify\\src\\Utils\\SpotifyUtils.tsx": {"path":"C:\\Users\\evpin\\Desktop\\coding\\projects\\12_pomodoro_spotify\\src\\Utils\\SpotifyUtils.tsx","statementMap":{"0":{"start":{"line":33,"column":21},"end":{"line":43,"column":1}},"1":{"start":{"line":47,"column":24},"end":{"line":62,"column":1}},"2":{"start":{"line":48,"column":21},"end":{"line":48,"column":46}},"3":{"start":{"line":49,"column":21},"end":{"line":49,"column":48}},"4":{"start":{"line":50,"column":19},"end":{"line":50,"column":46}},"5":{"start":{"line":51,"column":18},"end":{"line":51,"column":33}},"6":{"start":{"line":52,"column":18},"end":{"line":52,"column":33}},"7":{"start":{"line":53,"column":16},"end":{"line":53,"column":29}},"8":{"start":{"line":54,"column":22},"end":{"line":54,"column":72}},"9":{"start":{"line":55,"column":22},"end":{"line":55,"column":72}},"10":{"start":{"line":56,"column":23},"end":{"line":56,"column":67}},"11":{"start":{"line":58,"column":2},"end":{"line":60,"column":3}},"12":{"start":{"line":59,"column":4},"end":{"line":59,"column":43}},"13":{"start":{"line":61,"column":2},"end":{"line":61,"column":62}},"14":{"start":{"line":64,"column":27},"end":{"line":66,"column":3}},"15":{"start":{"line":65,"column":4},"end":{"line":65,"column":50}}},"fnMap":{"0":{"name":"(anonymous_0)","decl":{"start":{"line":47,"column":24},"end":{"line":47,"column":25}},"loc":{"start":{"line":47,"column":52},"end":{"line":62,"column":1}},"line":47},"1":{"name":"(anonymous_1)","decl":{"start":{"line":64,"column":27},"end":{"line":64,"column":28}},"loc":{"start":{"line":64,"column":67},"end":{"line":66,"column":3}},"line":64}},"branchMap":{"0":{"loc":{"start":{"line":54,"column":22},"end":{"line":54,"column":72}},"type":"cond-expr","locations":[{"start":{"line":54,"column":38},"end":{"line":54,"column":56}},{"start":{"line":54,"column":59},"end":{"line":54,"column":72}}],"line":54},"1":{"loc":{"start":{"line":55,"column":22},"end":{"line":55,"column":72}},"type":"cond-expr","locations":[{"start":{"line":55,"column":38},"end":{"line":55,"column":56}},{"start":{"line":55,"column":59},"end":{"line":55,"column":72}}],"line":55},"2":{"loc":{"start":{"line":56,"column":23},"end":{"line":56,"column":67}},"type":"cond-expr","locations":[{"start":{"line":56,"column":37},"end":{"line":56,"column":53}},{"start":{"line":56,"column":56},"end":{"line":56,"column":67}}],"line":56},"3":{"loc":{"start":{"line":58,"column":2},"end":{"line":60,"column":3}},"type":"if","locations":[{"start":{"line":58,"column":2},"end":{"line":60,"column":3}},{"start":{},"end":{}}],"line":58}},"s":{"0":6,"1":6,"2":92,"3":92,"4":92,"5":92,"6":92,"7":92,"8":92,"9":92,"10":92,"11":92,"12":0,"13":92,"14":6,"15":29},"f":{"0":92,"1":29},"b":{"0":[0,92],"1":[0,92],"2":[0,92],"3":[0,92]},"_coverageSchema":"1a1c01bbd47fc00a2c39e90264f33305004495a9","hash":"b681e7a2ebcbde4bce52d4dff76e7532c12b1c37"}
}
