{"C:\\Users\\evpin\\Desktop\\coding\\projects\\12_pomodoro_spotify\\src\\Components\\Timer\\SpotifyPlayer\\SpotifyPlayer.tsx": {"path":"C:\\Users\\evpin\\Desktop\\coding\\projects\\12_pomodoro_spotify\\src\\Components\\Timer\\SpotifyPlayer\\SpotifyPlayer.tsx","statementMap":{"0":{"start":{"line":29,"column":26},"end":{"line":666,"column":1}},"1":{"start":{"line":30,"column":30},"end":{"line":30,"column":42}},"2":{"start":{"line":31,"column":28},"end":{"line":31,"column":40}},"3":{"start":{"line":32,"column":34},"end":{"line":32,"column":46}},"4":{"start":{"line":33,"column":36},"end":{"line":33,"column":51}},"5":{"start":{"line":34,"column":32},"end":{"line":34,"column":44}},"6":{"start":{"line":35,"column":38},"end":{"line":35,"column":53}},"7":{"start":{"line":36,"column":30},"end":{"line":36,"column":41}},"8":{"start":{"line":37,"column":34},"end":{"line":37,"column":46}},"9":{"start":{"line":38,"column":42},"end":{"line":38,"column":58}},"10":{"start":{"line":39,"column":48},"end":{"line":39,"column":63}},"11":{"start":{"line":40,"column":38},"end":{"line":40,"column":49}},"12":{"start":{"line":41,"column":38},"end":{"line":41,"column":49}},"13":{"start":{"line":42,"column":44},"end":{"line":42,"column":55}},"14":{"start":{"line":43,"column":42},"end":{"line":43,"column":72}},"15":{"start":{"line":44,"column":36},"end":{"line":44,"column":51}},"16":{"start":{"line":45,"column":36},"end":{"line":45,"column":48}},"17":{"start":{"line":50,"column":31},"end":{"line":58,"column":3}},"18":{"start":{"line":51,"column":21},"end":{"line":53,"column":26}},"19":{"start":{"line":54,"column":4},"end":{"line":56,"column":6}},"20":{"start":{"line":55,"column":6},"end":{"line":55,"column":55}},"21":{"start":{"line":57,"column":4},"end":{"line":57,"column":21}},"22":{"start":{"line":61,"column":26},"end":{"line":69,"column":3}},"23":{"start":{"line":62,"column":25},"end":{"line":64,"column":26}},"24":{"start":{"line":65,"column":4},"end":{"line":67,"column":6}},"25":{"start":{"line":66,"column":6},"end":{"line":66,"column":55}},"26":{"start":{"line":68,"column":4},"end":{"line":68,"column":25}},"27":{"start":{"line":72,"column":30},"end":{"line":82,"column":3}},"28":{"start":{"line":73,"column":25},"end":{"line":75,"column":26}},"29":{"start":{"line":76,"column":4},"end":{"line":81,"column":5}},"30":{"start":{"line":77,"column":6},"end":{"line":79,"column":8}},"31":{"start":{"line":78,"column":8},"end":{"line":78,"column":57}},"32":{"start":{"line":80,"column":6},"end":{"line":80,"column":27}},"33":{"start":{"line":88,"column":29},"end":{"line":126,"column":3}},"34":{"start":{"line":89,"column":4},"end":{"line":125,"column":7}},"35":{"start":{"line":91,"column":33},"end":{"line":93,"column":25}},"36":{"start":{"line":96,"column":26},"end":{"line":98,"column":25}},"37":{"start":{"line":100,"column":28},"end":{"line":100,"column":87}},"38":{"start":{"line":101,"column":6},"end":{"line":124,"column":7}},"39":{"start":{"line":102,"column":27},"end":{"line":102,"column":37}},"40":{"start":{"line":103,"column":27},"end":{"line":107,"column":12}},"41":{"start":{"line":109,"column":28},"end":{"line":113,"column":12}},"42":{"start":{"line":114,"column":26},"end":{"line":118,"column":12}},"43":{"start":{"line":120,"column":8},"end":{"line":120,"column":45}},"44":{"start":{"line":121,"column":8},"end":{"line":121,"column":45}},"45":{"start":{"line":122,"column":8},"end":{"line":122,"column":43}},"46":{"start":{"line":123,"column":8},"end":{"line":123,"column":58}},"47":{"start":{"line":129,"column":26},"end":{"line":170,"column":3}},"48":{"start":{"line":130,"column":4},"end":{"line":169,"column":7}},"49":{"start":{"line":132,"column":32},"end":{"line":134,"column":25}},"50":{"start":{"line":136,"column":26},"end":{"line":138,"column":25}},"51":{"start":{"line":140,"column":6},"end":{"line":168,"column":7}},"52":{"start":{"line":141,"column":24},"end":{"line":141,"column":41}},"53":{"start":{"line":143,"column":10},"end":{"line":144,"column":50}},"54":{"start":{"line":145,"column":23},"end":{"line":145,"column":44}},"55":{"start":{"line":147,"column":26},"end":{"line":151,"column":10}},"56":{"start":{"line":153,"column":26},"end":{"line":157,"column":10}},"57":{"start":{"line":158,"column":24},"end":{"line":162,"column":10}},"58":{"start":{"line":164,"column":8},"end":{"line":164,"column":45}},"59":{"start":{"line":165,"column":8},"end":{"line":165,"column":45}},"60":{"start":{"line":166,"column":8},"end":{"line":166,"column":43}},"61":{"start":{"line":167,"column":8},"end":{"line":167,"column":58}},"62":{"start":{"line":173,"column":25},"end":{"line":205,"column":3}},"63":{"start":{"line":175,"column":15},"end":{"line":175,"column":78}},"64":{"start":{"line":177,"column":4},"end":{"line":204,"column":7}},"65":{"start":{"line":178,"column":6},"end":{"line":203,"column":9}},"66":{"start":{"line":180,"column":8},"end":{"line":202,"column":11}},"67":{"start":{"line":181,"column":10},"end":{"line":201,"column":11}},"68":{"start":{"line":183,"column":12},"end":{"line":183,"column":63}},"69":{"start":{"line":185,"column":12},"end":{"line":200,"column":54}},"70":{"start":{"line":191,"column":16},"end":{"line":198,"column":19}},"71":{"start":{"line":192,"column":18},"end":{"line":197,"column":19}},"72":{"start":{"line":193,"column":20},"end":{"line":193,"column":44}},"73":{"start":{"line":196,"column":20},"end":{"line":196,"column":45}},"74":{"start":{"line":200,"column":28},"end":{"line":200,"column":51}},"75":{"start":{"line":210,"column":19},"end":{"line":253,"column":3}},"76":{"start":{"line":211,"column":4},"end":{"line":252,"column":6}},"77":{"start":{"line":215,"column":8},"end":{"line":250,"column":9}},"78":{"start":{"line":216,"column":10},"end":{"line":216,"column":35}},"79":{"start":{"line":217,"column":30},"end":{"line":217,"column":70}},"80":{"start":{"line":218,"column":33},"end":{"line":218,"column":79}},"81":{"start":{"line":219,"column":10},"end":{"line":219,"column":36}},"82":{"start":{"line":220,"column":10},"end":{"line":220,"column":41}},"83":{"start":{"line":221,"column":10},"end":{"line":221,"column":43}},"84":{"start":{"line":222,"column":10},"end":{"line":222,"column":34}},"85":{"start":{"line":223,"column":10},"end":{"line":223,"column":42}},"86":{"start":{"line":224,"column":10},"end":{"line":224,"column":41}},"87":{"start":{"line":225,"column":10},"end":{"line":225,"column":44}},"88":{"start":{"line":226,"column":27},"end":{"line":226,"column":46}},"89":{"start":{"line":227,"column":27},"end":{"line":227,"column":46}},"90":{"start":{"line":228,"column":10},"end":{"line":236,"column":11}},"91":{"start":{"line":230,"column":12},"end":{"line":230,"column":52}},"92":{"start":{"line":231,"column":12},"end":{"line":231,"column":53}},"93":{"start":{"line":233,"column":12},"end":{"line":233,"column":50}},"94":{"start":{"line":234,"column":12},"end":{"line":234,"column":42}},"95":{"start":{"line":235,"column":12},"end":{"line":235,"column":67}},"96":{"start":{"line":237,"column":10},"end":{"line":237,"column":34}},"97":{"start":{"line":238,"column":10},"end":{"line":238,"column":38}},"98":{"start":{"line":239,"column":15},"end":{"line":250,"column":9}},"99":{"start":{"line":241,"column":10},"end":{"line":241,"column":35}},"100":{"start":{"line":242,"column":10},"end":{"line":242,"column":56}},"101":{"start":{"line":243,"column":15},"end":{"line":250,"column":9}},"102":{"start":{"line":244,"column":10},"end":{"line":244,"column":35}},"103":{"start":{"line":245,"column":10},"end":{"line":245,"column":46}},"104":{"start":{"line":248,"column":10},"end":{"line":248,"column":73}},"105":{"start":{"line":249,"column":10},"end":{"line":249,"column":64}},"106":{"start":{"line":256,"column":21},"end":{"line":275,"column":3}},"107":{"start":{"line":257,"column":4},"end":{"line":274,"column":7}},"108":{"start":{"line":258,"column":6},"end":{"line":273,"column":7}},"109":{"start":{"line":259,"column":8},"end":{"line":259,"column":28}},"110":{"start":{"line":260,"column":13},"end":{"line":273,"column":7}},"111":{"start":{"line":262,"column":8},"end":{"line":270,"column":67}},"112":{"start":{"line":264,"column":12},"end":{"line":268,"column":13}},"113":{"start":{"line":265,"column":14},"end":{"line":265,"column":33}},"114":{"start":{"line":267,"column":14},"end":{"line":267,"column":56}},"115":{"start":{"line":270,"column":23},"end":{"line":270,"column":65}},"116":{"start":{"line":272,"column":8},"end":{"line":272,"column":57}},"117":{"start":{"line":278,"column":20},"end":{"line":297,"column":3}},"118":{"start":{"line":279,"column":4},"end":{"line":296,"column":7}},"119":{"start":{"line":280,"column":6},"end":{"line":295,"column":7}},"120":{"start":{"line":281,"column":8},"end":{"line":281,"column":27}},"121":{"start":{"line":282,"column":13},"end":{"line":295,"column":7}},"122":{"start":{"line":284,"column":8},"end":{"line":292,"column":67}},"123":{"start":{"line":286,"column":12},"end":{"line":290,"column":13}},"124":{"start":{"line":287,"column":14},"end":{"line":287,"column":32}},"125":{"start":{"line":289,"column":14},"end":{"line":289,"column":56}},"126":{"start":{"line":292,"column":23},"end":{"line":292,"column":65}},"127":{"start":{"line":294,"column":8},"end":{"line":294,"column":57}},"128":{"start":{"line":300,"column":20},"end":{"line":321,"column":3}},"129":{"start":{"line":301,"column":4},"end":{"line":320,"column":7}},"130":{"start":{"line":302,"column":6},"end":{"line":319,"column":7}},"131":{"start":{"line":304,"column":8},"end":{"line":304,"column":19}},"132":{"start":{"line":305,"column":13},"end":{"line":319,"column":7}},"133":{"start":{"line":307,"column":8},"end":{"line":316,"column":72}},"134":{"start":{"line":309,"column":12},"end":{"line":314,"column":13}},"135":{"start":{"line":311,"column":14},"end":{"line":311,"column":48}},"136":{"start":{"line":311,"column":31},"end":{"line":311,"column":41}},"137":{"start":{"line":313,"column":14},"end":{"line":313,"column":61}},"138":{"start":{"line":316,"column":23},"end":{"line":316,"column":70}},"139":{"start":{"line":318,"column":8},"end":{"line":318,"column":62}},"140":{"start":{"line":324,"column":24},"end":{"line":358,"column":3}},"141":{"start":{"line":325,"column":4},"end":{"line":357,"column":5}},"142":{"start":{"line":326,"column":6},"end":{"line":326,"column":34}},"143":{"start":{"line":327,"column":6},"end":{"line":327,"column":26}},"144":{"start":{"line":329,"column":6},"end":{"line":356,"column":8}},"145":{"start":{"line":332,"column":10},"end":{"line":354,"column":11}},"146":{"start":{"line":334,"column":12},"end":{"line":334,"column":23}},"147":{"start":{"line":335,"column":17},"end":{"line":354,"column":11}},"148":{"start":{"line":337,"column":12},"end":{"line":348,"column":80}},"149":{"start":{"line":340,"column":16},"end":{"line":346,"column":17}},"150":{"start":{"line":341,"column":18},"end":{"line":343,"column":26}},"151":{"start":{"line":342,"column":20},"end":{"line":342,"column":31}},"152":{"start":{"line":345,"column":18},"end":{"line":345,"column":69}},"153":{"start":{"line":348,"column":27},"end":{"line":348,"column":78}},"154":{"start":{"line":349,"column":17},"end":{"line":354,"column":11}},"155":{"start":{"line":351,"column":12},"end":{"line":351,"column":42}},"156":{"start":{"line":353,"column":12},"end":{"line":353,"column":70}},"157":{"start":{"line":361,"column":20},"end":{"line":375,"column":3}},"158":{"start":{"line":362,"column":4},"end":{"line":374,"column":6}},"159":{"start":{"line":365,"column":8},"end":{"line":372,"column":9}},"160":{"start":{"line":366,"column":10},"end":{"line":366,"column":30}},"161":{"start":{"line":367,"column":15},"end":{"line":372,"column":9}},"162":{"start":{"line":369,"column":10},"end":{"line":369,"column":35}},"163":{"start":{"line":371,"column":10},"end":{"line":371,"column":58}},"164":{"start":{"line":378,"column":27},"end":{"line":396,"column":3}},"165":{"start":{"line":379,"column":4},"end":{"line":395,"column":6}},"166":{"start":{"line":386,"column":8},"end":{"line":393,"column":9}},"167":{"start":{"line":387,"column":10},"end":{"line":387,"column":31}},"168":{"start":{"line":388,"column":15},"end":{"line":393,"column":9}},"169":{"start":{"line":390,"column":10},"end":{"line":390,"column":35}},"170":{"start":{"line":392,"column":10},"end":{"line":392,"column":65}},"171":{"start":{"line":399,"column":37},"end":{"line":435,"column":3}},"172":{"start":{"line":400,"column":4},"end":{"line":434,"column":6}},"173":{"start":{"line":407,"column":8},"end":{"line":432,"column":9}},"174":{"start":{"line":408,"column":10},"end":{"line":410,"column":11}},"175":{"start":{"line":409,"column":12},"end":{"line":409,"column":36}},"176":{"start":{"line":411,"column":15},"end":{"line":432,"column":9}},"177":{"start":{"line":412,"column":10},"end":{"line":429,"column":11}},"178":{"start":{"line":415,"column":12},"end":{"line":415,"column":64}},"179":{"start":{"line":416,"column":12},"end":{"line":428,"column":76}},"180":{"start":{"line":418,"column":14},"end":{"line":426,"column":15}},"181":{"start":{"line":419,"column":16},"end":{"line":421,"column":17}},"182":{"start":{"line":420,"column":18},"end":{"line":420,"column":42}},"183":{"start":{"line":423,"column":16},"end":{"line":423,"column":41}},"184":{"start":{"line":425,"column":16},"end":{"line":425,"column":65}},"185":{"start":{"line":428,"column":25},"end":{"line":428,"column":74}},"186":{"start":{"line":431,"column":10},"end":{"line":431,"column":66}},"187":{"start":{"line":438,"column":35},"end":{"line":470,"column":3}},"188":{"start":{"line":439,"column":23},"end":{"line":439,"column":64}},"189":{"start":{"line":440,"column":4},"end":{"line":469,"column":6}},"190":{"start":{"line":446,"column":8},"end":{"line":467,"column":9}},"191":{"start":{"line":447,"column":10},"end":{"line":447,"column":36}},"192":{"start":{"line":448,"column":34},"end":{"line":448,"column":74}},"193":{"start":{"line":449,"column":10},"end":{"line":449,"column":44}},"194":{"start":{"line":450,"column":15},"end":{"line":467,"column":9}},"195":{"start":{"line":452,"column":10},"end":{"line":452,"column":48}},"196":{"start":{"line":453,"column":10},"end":{"line":464,"column":69}},"197":{"start":{"line":455,"column":14},"end":{"line":462,"column":15}},"198":{"start":{"line":456,"column":16},"end":{"line":456,"column":42}},"199":{"start":{"line":457,"column":40},"end":{"line":460,"column":17}},"200":{"start":{"line":461,"column":16},"end":{"line":461,"column":50}},"201":{"start":{"line":464,"column":25},"end":{"line":464,"column":67}},"202":{"start":{"line":466,"column":10},"end":{"line":466,"column":66}},"203":{"start":{"line":475,"column":28},"end":{"line":485,"column":3}},"204":{"start":{"line":476,"column":4},"end":{"line":484,"column":5}},"205":{"start":{"line":477,"column":6},"end":{"line":477,"column":19}},"206":{"start":{"line":478,"column":6},"end":{"line":478,"column":30}},"207":{"start":{"line":479,"column":6},"end":{"line":479,"column":36}},"208":{"start":{"line":481,"column":6},"end":{"line":481,"column":30}},"209":{"start":{"line":482,"column":6},"end":{"line":482,"column":47}},"210":{"start":{"line":483,"column":6},"end":{"line":483,"column":25}},"211":{"start":{"line":488,"column":24},"end":{"line":496,"column":3}},"212":{"start":{"line":489,"column":4},"end":{"line":495,"column":5}},"213":{"start":{"line":490,"column":6},"end":{"line":490,"column":69}},"214":{"start":{"line":491,"column":11},"end":{"line":495,"column":5}},"215":{"start":{"line":492,"column":6},"end":{"line":492,"column":70}},"216":{"start":{"line":494,"column":6},"end":{"line":494,"column":68}},"217":{"start":{"line":499,"column":31},"end":{"line":504,"column":3}},"218":{"start":{"line":500,"column":4},"end":{"line":503,"column":5}},"219":{"start":{"line":501,"column":6},"end":{"line":501,"column":25}},"220":{"start":{"line":502,"column":6},"end":{"line":502,"column":31}},"221":{"start":{"line":507,"column":31},"end":{"line":509,"column":3}},"222":{"start":{"line":508,"column":4},"end":{"line":508,"column":24}},"223":{"start":{"line":514,"column":30},"end":{"line":516,"column":3}},"224":{"start":{"line":515,"column":4},"end":{"line":515,"column":49}},"225":{"start":{"line":519,"column":34},"end":{"line":524,"column":3}},"226":{"start":{"line":520,"column":4},"end":{"line":523,"column":6}},"227":{"start":{"line":527,"column":20},"end":{"line":553,"column":3}},"228":{"start":{"line":528,"column":4},"end":{"line":552,"column":5}},"229":{"start":{"line":529,"column":6},"end":{"line":536,"column":8}},"230":{"start":{"line":537,"column":11},"end":{"line":552,"column":5}},"231":{"start":{"line":538,"column":6},"end":{"line":542,"column":8}},"232":{"start":{"line":544,"column":6},"end":{"line":551,"column":8}},"233":{"start":{"line":556,"column":2},"end":{"line":556,"column":34}},"234":{"start":{"line":556,"column":18},"end":{"line":556,"column":28}},"235":{"start":{"line":558,"column":2},"end":{"line":665,"column":4}}},"fnMap":{"0":{"name":"(anonymous_0)","decl":{"start":{"line":29,"column":26},"end":{"line":29,"column":27}},"loc":{"start":{"line":29,"column":32},"end":{"line":666,"column":1}},"line":29},"1":{"name":"(anonymous_1)","decl":{"start":{"line":50,"column":31},"end":{"line":50,"column":32}},"loc":{"start":{"line":50,"column":37},"end":{"line":58,"column":3}},"line":50},"2":{"name":"(anonymous_2)","decl":{"start":{"line":54,"column":39},"end":{"line":54,"column":40}},"loc":{"start":{"line":55,"column":6},"end":{"line":55,"column":55}},"line":55},"3":{"name":"(anonymous_3)","decl":{"start":{"line":61,"column":26},"end":{"line":61,"column":27}},"loc":{"start":{"line":61,"column":32},"end":{"line":69,"column":3}},"line":61},"4":{"name":"(anonymous_4)","decl":{"start":{"line":65,"column":43},"end":{"line":65,"column":44}},"loc":{"start":{"line":66,"column":6},"end":{"line":66,"column":55}},"line":66},"5":{"name":"(anonymous_5)","decl":{"start":{"line":72,"column":30},"end":{"line":72,"column":31}},"loc":{"start":{"line":72,"column":36},"end":{"line":82,"column":3}},"line":72},"6":{"name":"(anonymous_6)","decl":{"start":{"line":77,"column":45},"end":{"line":77,"column":46}},"loc":{"start":{"line":78,"column":8},"end":{"line":78,"column":57}},"line":78},"7":{"name":"(anonymous_7)","decl":{"start":{"line":88,"column":29},"end":{"line":88,"column":30}},"loc":{"start":{"line":88,"column":35},"end":{"line":126,"column":3}},"line":88},"8":{"name":"(anonymous_8)","decl":{"start":{"line":89,"column":41},"end":{"line":89,"column":42}},"loc":{"start":{"line":89,"column":50},"end":{"line":125,"column":5}},"line":89},"9":{"name":"(anonymous_9)","decl":{"start":{"line":129,"column":26},"end":{"line":129,"column":27}},"loc":{"start":{"line":129,"column":32},"end":{"line":170,"column":3}},"line":129},"10":{"name":"(anonymous_10)","decl":{"start":{"line":130,"column":42},"end":{"line":130,"column":43}},"loc":{"start":{"line":130,"column":51},"end":{"line":169,"column":5}},"line":130},"11":{"name":"(anonymous_11)","decl":{"start":{"line":173,"column":25},"end":{"line":173,"column":26}},"loc":{"start":{"line":173,"column":53},"end":{"line":205,"column":3}},"line":173},"12":{"name":"(anonymous_12)","decl":{"start":{"line":177,"column":23},"end":{"line":177,"column":24}},"loc":{"start":{"line":177,"column":44},"end":{"line":204,"column":5}},"line":177},"13":{"name":"(anonymous_13)","decl":{"start":{"line":178,"column":28},"end":{"line":178,"column":29}},"loc":{"start":{"line":178,"column":38},"end":{"line":203,"column":7}},"line":178},"14":{"name":"(anonymous_14)","decl":{"start":{"line":180,"column":21},"end":{"line":180,"column":22}},"loc":{"start":{"line":180,"column":30},"end":{"line":202,"column":9}},"line":180},"15":{"name":"(anonymous_15)","decl":{"start":{"line":190,"column":18},"end":{"line":190,"column":19}},"loc":{"start":{"line":190,"column":24},"end":{"line":199,"column":15}},"line":190},"16":{"name":"(anonymous_16)","decl":{"start":{"line":191,"column":69},"end":{"line":191,"column":70}},"loc":{"start":{"line":191,"column":78},"end":{"line":198,"column":17}},"line":191},"17":{"name":"(anonymous_17)","decl":{"start":{"line":200,"column":21},"end":{"line":200,"column":22}},"loc":{"start":{"line":200,"column":27},"end":{"line":200,"column":52}},"line":200},"18":{"name":"(anonymous_18)","decl":{"start":{"line":210,"column":19},"end":{"line":210,"column":20}},"loc":{"start":{"line":210,"column":25},"end":{"line":253,"column":3}},"line":210},"19":{"name":"(anonymous_19)","decl":{"start":{"line":213,"column":6},"end":{"line":213,"column":7}},"loc":{"start":{"line":213,"column":15},"end":{"line":251,"column":7}},"line":213},"20":{"name":"(anonymous_20)","decl":{"start":{"line":256,"column":21},"end":{"line":256,"column":22}},"loc":{"start":{"line":256,"column":27},"end":{"line":275,"column":3}},"line":256},"21":{"name":"(anonymous_21)","decl":{"start":{"line":257,"column":65},"end":{"line":257,"column":66}},"loc":{"start":{"line":257,"column":74},"end":{"line":274,"column":5}},"line":257},"22":{"name":"(anonymous_22)","decl":{"start":{"line":263,"column":16},"end":{"line":263,"column":17}},"loc":{"start":{"line":263,"column":35},"end":{"line":269,"column":11}},"line":263},"23":{"name":"(anonymous_23)","decl":{"start":{"line":270,"column":17},"end":{"line":270,"column":18}},"loc":{"start":{"line":270,"column":23},"end":{"line":270,"column":65}},"line":270},"24":{"name":"(anonymous_24)","decl":{"start":{"line":278,"column":20},"end":{"line":278,"column":21}},"loc":{"start":{"line":278,"column":26},"end":{"line":297,"column":3}},"line":278},"25":{"name":"(anonymous_25)","decl":{"start":{"line":279,"column":64},"end":{"line":279,"column":65}},"loc":{"start":{"line":279,"column":73},"end":{"line":296,"column":5}},"line":279},"26":{"name":"(anonymous_26)","decl":{"start":{"line":285,"column":16},"end":{"line":285,"column":17}},"loc":{"start":{"line":285,"column":35},"end":{"line":291,"column":11}},"line":285},"27":{"name":"(anonymous_27)","decl":{"start":{"line":292,"column":17},"end":{"line":292,"column":18}},"loc":{"start":{"line":292,"column":23},"end":{"line":292,"column":65}},"line":292},"28":{"name":"(anonymous_28)","decl":{"start":{"line":300,"column":20},"end":{"line":300,"column":21}},"loc":{"start":{"line":300,"column":26},"end":{"line":321,"column":3}},"line":300},"29":{"name":"(anonymous_29)","decl":{"start":{"line":301,"column":64},"end":{"line":301,"column":65}},"loc":{"start":{"line":301,"column":79},"end":{"line":320,"column":5}},"line":301},"30":{"name":"(anonymous_30)","decl":{"start":{"line":308,"column":16},"end":{"line":308,"column":17}},"loc":{"start":{"line":308,"column":35},"end":{"line":315,"column":11}},"line":308},"31":{"name":"(anonymous_31)","decl":{"start":{"line":311,"column":25},"end":{"line":311,"column":26}},"loc":{"start":{"line":311,"column":31},"end":{"line":311,"column":41}},"line":311},"32":{"name":"(anonymous_32)","decl":{"start":{"line":316,"column":17},"end":{"line":316,"column":18}},"loc":{"start":{"line":316,"column":23},"end":{"line":316,"column":70}},"line":316},"33":{"name":"(anonymous_33)","decl":{"start":{"line":324,"column":24},"end":{"line":324,"column":25}},"loc":{"start":{"line":324,"column":30},"end":{"line":358,"column":3}},"line":324},"34":{"name":"(anonymous_34)","decl":{"start":{"line":331,"column":8},"end":{"line":331,"column":9}},"loc":{"start":{"line":331,"column":23},"end":{"line":355,"column":9}},"line":331},"35":{"name":"(anonymous_35)","decl":{"start":{"line":338,"column":20},"end":{"line":338,"column":21}},"loc":{"start":{"line":338,"column":34},"end":{"line":347,"column":15}},"line":338},"36":{"name":"(anonymous_36)","decl":{"start":{"line":341,"column":29},"end":{"line":341,"column":30}},"loc":{"start":{"line":341,"column":35},"end":{"line":343,"column":19}},"line":341},"37":{"name":"(anonymous_37)","decl":{"start":{"line":348,"column":21},"end":{"line":348,"column":22}},"loc":{"start":{"line":348,"column":27},"end":{"line":348,"column":78}},"line":348},"38":{"name":"(anonymous_38)","decl":{"start":{"line":361,"column":20},"end":{"line":361,"column":21}},"loc":{"start":{"line":361,"column":26},"end":{"line":375,"column":3}},"line":361},"39":{"name":"(anonymous_39)","decl":{"start":{"line":364,"column":6},"end":{"line":364,"column":7}},"loc":{"start":{"line":364,"column":15},"end":{"line":373,"column":7}},"line":364},"40":{"name":"(anonymous_40)","decl":{"start":{"line":378,"column":27},"end":{"line":378,"column":28}},"loc":{"start":{"line":378,"column":33},"end":{"line":396,"column":3}},"line":378},"41":{"name":"(anonymous_41)","decl":{"start":{"line":385,"column":6},"end":{"line":385,"column":7}},"loc":{"start":{"line":385,"column":15},"end":{"line":394,"column":7}},"line":385},"42":{"name":"(anonymous_42)","decl":{"start":{"line":399,"column":37},"end":{"line":399,"column":38}},"loc":{"start":{"line":399,"column":61},"end":{"line":435,"column":3}},"line":399},"43":{"name":"(anonymous_43)","decl":{"start":{"line":405,"column":6},"end":{"line":405,"column":7}},"loc":{"start":{"line":405,"column":21},"end":{"line":433,"column":7}},"line":405},"44":{"name":"(anonymous_44)","decl":{"start":{"line":417,"column":18},"end":{"line":417,"column":19}},"loc":{"start":{"line":417,"column":32},"end":{"line":427,"column":13}},"line":417},"45":{"name":"(anonymous_45)","decl":{"start":{"line":428,"column":19},"end":{"line":428,"column":20}},"loc":{"start":{"line":428,"column":25},"end":{"line":428,"column":74}},"line":428},"46":{"name":"(anonymous_46)","decl":{"start":{"line":438,"column":35},"end":{"line":438,"column":36}},"loc":{"start":{"line":438,"column":53},"end":{"line":470,"column":3}},"line":438},"47":{"name":"(anonymous_47)","decl":{"start":{"line":445,"column":6},"end":{"line":445,"column":7}},"loc":{"start":{"line":445,"column":21},"end":{"line":468,"column":7}},"line":445},"48":{"name":"(anonymous_48)","decl":{"start":{"line":454,"column":18},"end":{"line":454,"column":19}},"loc":{"start":{"line":454,"column":32},"end":{"line":463,"column":13}},"line":454},"49":{"name":"(anonymous_49)","decl":{"start":{"line":464,"column":19},"end":{"line":464,"column":20}},"loc":{"start":{"line":464,"column":25},"end":{"line":464,"column":67}},"line":464},"50":{"name":"(anonymous_50)","decl":{"start":{"line":475,"column":28},"end":{"line":475,"column":29}},"loc":{"start":{"line":475,"column":34},"end":{"line":485,"column":3}},"line":475},"51":{"name":"(anonymous_51)","decl":{"start":{"line":488,"column":24},"end":{"line":488,"column":25}},"loc":{"start":{"line":488,"column":30},"end":{"line":496,"column":3}},"line":488},"52":{"name":"(anonymous_52)","decl":{"start":{"line":499,"column":31},"end":{"line":499,"column":32}},"loc":{"start":{"line":499,"column":37},"end":{"line":504,"column":3}},"line":499},"53":{"name":"(anonymous_53)","decl":{"start":{"line":507,"column":31},"end":{"line":507,"column":32}},"loc":{"start":{"line":507,"column":37},"end":{"line":509,"column":3}},"line":507},"54":{"name":"(anonymous_54)","decl":{"start":{"line":514,"column":30},"end":{"line":514,"column":31}},"loc":{"start":{"line":514,"column":36},"end":{"line":516,"column":3}},"line":514},"55":{"name":"(anonymous_55)","decl":{"start":{"line":519,"column":34},"end":{"line":519,"column":35}},"loc":{"start":{"line":519,"column":40},"end":{"line":524,"column":3}},"line":519},"56":{"name":"(anonymous_56)","decl":{"start":{"line":527,"column":20},"end":{"line":527,"column":21}},"loc":{"start":{"line":527,"column":26},"end":{"line":553,"column":3}},"line":527},"57":{"name":"(anonymous_57)","decl":{"start":{"line":556,"column":12},"end":{"line":556,"column":13}},"loc":{"start":{"line":556,"column":18},"end":{"line":556,"column":28}},"line":556}},"branchMap":{"0":{"loc":{"start":{"line":76,"column":4},"end":{"line":81,"column":5}},"type":"if","locations":[{"start":{"line":76,"column":4},"end":{"line":81,"column":5}},{"start":{},"end":{}}],"line":76},"1":{"loc":{"start":{"line":100,"column":28},"end":{"line":100,"column":87}},"type":"binary-expr","locations":[{"start":{"line":100,"column":28},"end":{"line":100,"column":58}},{"start":{"line":100,"column":62},"end":{"line":100,"column":87}}],"line":100},"2":{"loc":{"start":{"line":101,"column":6},"end":{"line":124,"column":7}},"type":"if","locations":[{"start":{"line":101,"column":6},"end":{"line":124,"column":7}},{"start":{},"end":{}}],"line":101},"3":{"loc":{"start":{"line":101,"column":10},"end":{"line":101,"column":60}},"type":"binary-expr","locations":[{"start":{"line":101,"column":10},"end":{"line":101,"column":28}},{"start":{"line":101,"column":32},"end":{"line":101,"column":43}},{"start":{"line":101,"column":47},"end":{"line":101,"column":60}}],"line":101},"4":{"loc":{"start":{"line":140,"column":6},"end":{"line":168,"column":7}},"type":"if","locations":[{"start":{"line":140,"column":6},"end":{"line":168,"column":7}},{"start":{},"end":{}}],"line":140},"5":{"loc":{"start":{"line":140,"column":10},"end":{"line":140,"column":42}},"type":"binary-expr","locations":[{"start":{"line":140,"column":10},"end":{"line":140,"column":27}},{"start":{"line":140,"column":31},"end":{"line":140,"column":42}}],"line":140},"6":{"loc":{"start":{"line":181,"column":10},"end":{"line":201,"column":11}},"type":"if","locations":[{"start":{"line":181,"column":10},"end":{"line":201,"column":11}},{"start":{},"end":{}}],"line":181},"7":{"loc":{"start":{"line":181,"column":14},"end":{"line":181,"column":51}},"type":"binary-expr","locations":[{"start":{"line":181,"column":14},"end":{"line":181,"column":21}},{"start":{"line":181,"column":25},"end":{"line":181,"column":41}},{"start":{"line":181,"column":45},"end":{"line":181,"column":51}}],"line":181},"8":{"loc":{"start":{"line":192,"column":18},"end":{"line":197,"column":19}},"type":"if","locations":[{"start":{"line":192,"column":18},"end":{"line":197,"column":19}},{"start":{"line":194,"column":25},"end":{"line":197,"column":19}}],"line":192},"9":{"loc":{"start":{"line":215,"column":8},"end":{"line":250,"column":9}},"type":"if","locations":[{"start":{"line":215,"column":8},"end":{"line":250,"column":9}},{"start":{"line":239,"column":15},"end":{"line":250,"column":9}}],"line":215},"10":{"loc":{"start":{"line":217,"column":30},"end":{"line":217,"column":70}},"type":"cond-expr","locations":[{"start":{"line":217,"column":60},"end":{"line":217,"column":65}},{"start":{"line":217,"column":68},"end":{"line":217,"column":70}}],"line":217},"11":{"loc":{"start":{"line":228,"column":10},"end":{"line":236,"column":11}},"type":"if","locations":[{"start":{"line":228,"column":10},"end":{"line":236,"column":11}},{"start":{"line":232,"column":17},"end":{"line":236,"column":11}}],"line":228},"12":{"loc":{"start":{"line":239,"column":15},"end":{"line":250,"column":9}},"type":"if","locations":[{"start":{"line":239,"column":15},"end":{"line":250,"column":9}},{"start":{"line":243,"column":15},"end":{"line":250,"column":9}}],"line":239},"13":{"loc":{"start":{"line":243,"column":15},"end":{"line":250,"column":9}},"type":"if","locations":[{"start":{"line":243,"column":15},"end":{"line":250,"column":9}},{"start":{"line":246,"column":15},"end":{"line":250,"column":9}}],"line":243},"14":{"loc":{"start":{"line":258,"column":6},"end":{"line":273,"column":7}},"type":"if","locations":[{"start":{"line":258,"column":6},"end":{"line":273,"column":7}},{"start":{"line":260,"column":13},"end":{"line":273,"column":7}}],"line":258},"15":{"loc":{"start":{"line":260,"column":13},"end":{"line":273,"column":7}},"type":"if","locations":[{"start":{"line":260,"column":13},"end":{"line":273,"column":7}},{"start":{"line":271,"column":13},"end":{"line":273,"column":7}}],"line":260},"16":{"loc":{"start":{"line":264,"column":12},"end":{"line":268,"column":13}},"type":"if","locations":[{"start":{"line":264,"column":12},"end":{"line":268,"column":13}},{"start":{"line":266,"column":19},"end":{"line":268,"column":13}}],"line":264},"17":{"loc":{"start":{"line":280,"column":6},"end":{"line":295,"column":7}},"type":"if","locations":[{"start":{"line":280,"column":6},"end":{"line":295,"column":7}},{"start":{"line":282,"column":13},"end":{"line":295,"column":7}}],"line":280},"18":{"loc":{"start":{"line":282,"column":13},"end":{"line":295,"column":7}},"type":"if","locations":[{"start":{"line":282,"column":13},"end":{"line":295,"column":7}},{"start":{"line":293,"column":13},"end":{"line":295,"column":7}}],"line":282},"19":{"loc":{"start":{"line":286,"column":12},"end":{"line":290,"column":13}},"type":"if","locations":[{"start":{"line":286,"column":12},"end":{"line":290,"column":13}},{"start":{"line":288,"column":19},"end":{"line":290,"column":13}}],"line":286},"20":{"loc":{"start":{"line":302,"column":6},"end":{"line":319,"column":7}},"type":"if","locations":[{"start":{"line":302,"column":6},"end":{"line":319,"column":7}},{"start":{"line":305,"column":13},"end":{"line":319,"column":7}}],"line":302},"21":{"loc":{"start":{"line":305,"column":13},"end":{"line":319,"column":7}},"type":"if","locations":[{"start":{"line":305,"column":13},"end":{"line":319,"column":7}},{"start":{"line":317,"column":13},"end":{"line":319,"column":7}}],"line":305},"22":{"loc":{"start":{"line":309,"column":12},"end":{"line":314,"column":13}},"type":"if","locations":[{"start":{"line":309,"column":12},"end":{"line":314,"column":13}},{"start":{"line":312,"column":19},"end":{"line":314,"column":13}}],"line":309},"23":{"loc":{"start":{"line":325,"column":4},"end":{"line":357,"column":5}},"type":"if","locations":[{"start":{"line":325,"column":4},"end":{"line":357,"column":5}},{"start":{"line":328,"column":11},"end":{"line":357,"column":5}}],"line":325},"24":{"loc":{"start":{"line":332,"column":10},"end":{"line":354,"column":11}},"type":"if","locations":[{"start":{"line":332,"column":10},"end":{"line":354,"column":11}},{"start":{"line":335,"column":17},"end":{"line":354,"column":11}}],"line":332},"25":{"loc":{"start":{"line":335,"column":17},"end":{"line":354,"column":11}},"type":"if","locations":[{"start":{"line":335,"column":17},"end":{"line":354,"column":11}},{"start":{"line":349,"column":17},"end":{"line":354,"column":11}}],"line":335},"26":{"loc":{"start":{"line":340,"column":16},"end":{"line":346,"column":17}},"type":"if","locations":[{"start":{"line":340,"column":16},"end":{"line":346,"column":17}},{"start":{"line":344,"column":23},"end":{"line":346,"column":17}}],"line":340},"27":{"loc":{"start":{"line":349,"column":17},"end":{"line":354,"column":11}},"type":"if","locations":[{"start":{"line":349,"column":17},"end":{"line":354,"column":11}},{"start":{"line":352,"column":17},"end":{"line":354,"column":11}}],"line":349},"28":{"loc":{"start":{"line":365,"column":8},"end":{"line":372,"column":9}},"type":"if","locations":[{"start":{"line":365,"column":8},"end":{"line":372,"column":9}},{"start":{"line":367,"column":15},"end":{"line":372,"column":9}}],"line":365},"29":{"loc":{"start":{"line":367,"column":15},"end":{"line":372,"column":9}},"type":"if","locations":[{"start":{"line":367,"column":15},"end":{"line":372,"column":9}},{"start":{"line":370,"column":15},"end":{"line":372,"column":9}}],"line":367},"30":{"loc":{"start":{"line":386,"column":8},"end":{"line":393,"column":9}},"type":"if","locations":[{"start":{"line":386,"column":8},"end":{"line":393,"column":9}},{"start":{"line":388,"column":15},"end":{"line":393,"column":9}}],"line":386},"31":{"loc":{"start":{"line":388,"column":15},"end":{"line":393,"column":9}},"type":"if","locations":[{"start":{"line":388,"column":15},"end":{"line":393,"column":9}},{"start":{"line":391,"column":15},"end":{"line":393,"column":9}}],"line":388},"32":{"loc":{"start":{"line":407,"column":8},"end":{"line":432,"column":9}},"type":"if","locations":[{"start":{"line":407,"column":8},"end":{"line":432,"column":9}},{"start":{"line":411,"column":15},"end":{"line":432,"column":9}}],"line":407},"33":{"loc":{"start":{"line":408,"column":10},"end":{"line":410,"column":11}},"type":"if","locations":[{"start":{"line":408,"column":10},"end":{"line":410,"column":11}},{"start":{},"end":{}}],"line":408},"34":{"loc":{"start":{"line":411,"column":15},"end":{"line":432,"column":9}},"type":"if","locations":[{"start":{"line":411,"column":15},"end":{"line":432,"column":9}},{"start":{"line":430,"column":15},"end":{"line":432,"column":9}}],"line":411},"35":{"loc":{"start":{"line":412,"column":10},"end":{"line":429,"column":11}},"type":"if","locations":[{"start":{"line":412,"column":10},"end":{"line":429,"column":11}},{"start":{},"end":{}}],"line":412},"36":{"loc":{"start":{"line":412,"column":14},"end":{"line":412,"column":79}},"type":"binary-expr","locations":[{"start":{"line":412,"column":14},"end":{"line":412,"column":47}},{"start":{"line":412,"column":51},"end":{"line":412,"column":79}}],"line":412},"37":{"loc":{"start":{"line":418,"column":14},"end":{"line":426,"column":15}},"type":"if","locations":[{"start":{"line":418,"column":14},"end":{"line":426,"column":15}},{"start":{"line":424,"column":21},"end":{"line":426,"column":15}}],"line":418},"38":{"loc":{"start":{"line":419,"column":16},"end":{"line":421,"column":17}},"type":"if","locations":[{"start":{"line":419,"column":16},"end":{"line":421,"column":17}},{"start":{},"end":{}}],"line":419},"39":{"loc":{"start":{"line":446,"column":8},"end":{"line":467,"column":9}},"type":"if","locations":[{"start":{"line":446,"column":8},"end":{"line":467,"column":9}},{"start":{"line":450,"column":15},"end":{"line":467,"column":9}}],"line":446},"40":{"loc":{"start":{"line":450,"column":15},"end":{"line":467,"column":9}},"type":"if","locations":[{"start":{"line":450,"column":15},"end":{"line":467,"column":9}},{"start":{"line":465,"column":15},"end":{"line":467,"column":9}}],"line":450},"41":{"loc":{"start":{"line":455,"column":14},"end":{"line":462,"column":15}},"type":"if","locations":[{"start":{"line":455,"column":14},"end":{"line":462,"column":15}},{"start":{},"end":{}}],"line":455},"42":{"loc":{"start":{"line":476,"column":4},"end":{"line":484,"column":5}},"type":"if","locations":[{"start":{"line":476,"column":4},"end":{"line":484,"column":5}},{"start":{"line":480,"column":11},"end":{"line":484,"column":5}}],"line":476},"43":{"loc":{"start":{"line":489,"column":4},"end":{"line":495,"column":5}},"type":"if","locations":[{"start":{"line":489,"column":4},"end":{"line":495,"column":5}},{"start":{"line":491,"column":11},"end":{"line":495,"column":5}}],"line":489},"44":{"loc":{"start":{"line":491,"column":11},"end":{"line":495,"column":5}},"type":"if","locations":[{"start":{"line":491,"column":11},"end":{"line":495,"column":5}},{"start":{"line":493,"column":11},"end":{"line":495,"column":5}}],"line":491},"45":{"loc":{"start":{"line":500,"column":4},"end":{"line":503,"column":5}},"type":"if","locations":[{"start":{"line":500,"column":4},"end":{"line":503,"column":5}},{"start":{},"end":{}}],"line":500},"46":{"loc":{"start":{"line":521,"column":6},"end":{"line":522,"column":43}},"type":"binary-expr","locations":[{"start":{"line":521,"column":6},"end":{"line":521,"column":46}},{"start":{"line":522,"column":6},"end":{"line":522,"column":43}}],"line":521},"47":{"loc":{"start":{"line":528,"column":4},"end":{"line":552,"column":5}},"type":"if","locations":[{"start":{"line":528,"column":4},"end":{"line":552,"column":5}},{"start":{"line":537,"column":11},"end":{"line":552,"column":5}}],"line":528},"48":{"loc":{"start":{"line":528,"column":8},"end":{"line":528,"column":59}},"type":"binary-expr","locations":[{"start":{"line":528,"column":8},"end":{"line":528,"column":45}},{"start":{"line":528,"column":49},"end":{"line":528,"column":59}}],"line":528},"49":{"loc":{"start":{"line":537,"column":11},"end":{"line":552,"column":5}},"type":"if","locations":[{"start":{"line":537,"column":11},"end":{"line":552,"column":5}},{"start":{"line":543,"column":11},"end":{"line":552,"column":5}}],"line":537},"50":{"loc":{"start":{"line":561,"column":7},"end":{"line":568,"column":7}},"type":"binary-expr","locations":[{"start":{"line":561,"column":7},"end":{"line":561,"column":28}},{"start":{"line":562,"column":8},"end":{"line":567,"column":14}}],"line":561},"51":{"loc":{"start":{"line":582,"column":9},"end":{"line":604,"column":9}},"type":"cond-expr","locations":[{"start":{"line":583,"column":10},"end":{"line":592,"column":23}},{"start":{"line":594,"column":10},"end":{"line":603,"column":23}}],"line":582},"52":{"loc":{"start":{"line":624,"column":15},"end":{"line":631,"column":15}},"type":"binary-expr","locations":[{"start":{"line":624,"column":15},"end":{"line":624,"column":30}},{"start":{"line":625,"column":16},"end":{"line":630,"column":18}}],"line":624},"53":{"loc":{"start":{"line":648,"column":19},"end":{"line":648,"column":76}},"type":"cond-expr","locations":[{"start":{"line":648,"column":47},"end":{"line":648,"column":71}},{"start":{"line":648,"column":74},"end":{"line":648,"column":76}}],"line":648},"54":{"loc":{"start":{"line":650,"column":9},"end":{"line":662,"column":9}},"type":"binary-expr","locations":[{"start":{"line":650,"column":9},"end":{"line":650,"column":34}},{"start":{"line":651,"column":10},"end":{"line":661,"column":12}}],"line":650}},"s":{"0":1,"1":89,"2":89,"3":89,"4":89,"5":89,"6":89,"7":89,"8":89,"9":89,"10":89,"11":89,"12":89,"13":89,"14":89,"15":89,"16":89,"17":89,"18":6,"19":6,"20":2,"21":2,"22":89,"23":3,"24":3,"25":1,"26":1,"27":89,"28":3,"29":3,"30":1,"31":1,"32":1,"33":89,"34":3,"35":3,"36":3,"37":2,"38":2,"39":2,"40":2,"41":2,"42":2,"43":2,"44":2,"45":2,"46":2,"47":89,"48":0,"49":0,"50":0,"51":0,"52":0,"53":0,"54":0,"55":0,"56":0,"57":0,"58":0,"59":0,"60":0,"61":0,"62":89,"63":15,"64":15,"65":15,"66":15,"67":15,"68":15,"69":15,"70":7,"71":7,"72":5,"73":2,"74":8,"75":89,"76":41,"77":41,"78":37,"79":37,"80":37,"81":37,"82":37,"83":37,"84":37,"85":37,"86":37,"87":37,"88":37,"89":37,"90":37,"91":0,"92":0,"93":37,"94":37,"95":37,"96":37,"97":37,"98":4,"99":1,"100":1,"101":3,"102":2,"103":2,"104":1,"105":1,"106":89,"107":5,"108":5,"109":1,"110":4,"111":3,"112":1,"113":1,"114":0,"115":2,"116":1,"117":89,"118":5,"119":5,"120":1,"121":4,"122":3,"123":1,"124":1,"125":0,"126":2,"127":1,"128":89,"129":5,"130":5,"131":1,"132":4,"133":3,"134":1,"135":1,"136":1,"137":0,"138":2,"139":1,"140":89,"141":5,"142":0,"143":0,"144":5,"145":5,"146":1,"147":4,"148":3,"149":3,"150":1,"151":1,"152":2,"153":0,"154":1,"155":0,"156":1,"157":89,"158":3,"159":3,"160":1,"161":2,"162":1,"163":1,"164":89,"165":3,"166":3,"167":1,"168":2,"169":1,"170":1,"171":89,"172":8,"173":8,"174":2,"175":1,"176":6,"177":5,"178":3,"179":3,"180":1,"181":1,"182":1,"183":1,"184":0,"185":2,"186":1,"187":89,"188":0,"189":0,"190":0,"191":0,"192":0,"193":0,"194":0,"195":0,"196":0,"197":0,"198":0,"199":0,"200":0,"201":0,"202":0,"203":89,"204":1,"205":1,"206":1,"207":1,"208":0,"209":0,"210":0,"211":89,"212":89,"213":48,"214":41,"215":4,"216":37,"217":89,"218":7,"219":7,"220":7,"221":89,"222":0,"223":89,"224":350,"225":89,"226":435,"227":89,"228":89,"229":4,"230":85,"231":45,"232":40,"233":89,"234":37,"235":89},"f":{"0":89,"1":6,"2":2,"3":3,"4":1,"5":3,"6":1,"7":3,"8":3,"9":0,"10":0,"11":15,"12":15,"13":15,"14":15,"15":7,"16":7,"17":8,"18":41,"19":41,"20":5,"21":5,"22":1,"23":2,"24":5,"25":5,"26":1,"27":2,"28":5,"29":5,"30":1,"31":1,"32":2,"33":5,"34":5,"35":3,"36":1,"37":0,"38":3,"39":3,"40":3,"41":3,"42":8,"43":8,"44":1,"45":2,"46":0,"47":0,"48":0,"49":0,"50":1,"51":89,"52":7,"53":0,"54":350,"55":435,"56":89,"57":37},"b":{"0":[1,2],"1":[2,2],"2":[2,0],"3":[2,2,2],"4":[0,0],"5":[0,0],"6":[15,0],"7":[15,15,15],"8":[5,2],"9":[37,4],"10":[0,37],"11":[0,37],"12":[1,3],"13":[2,1],"14":[1,4],"15":[3,1],"16":[1,0],"17":[1,4],"18":[3,1],"19":[1,0],"20":[1,4],"21":[3,1],"22":[1,0],"23":[0,5],"24":[1,4],"25":[3,1],"26":[1,2],"27":[0,1],"28":[1,2],"29":[1,1],"30":[1,2],"31":[1,1],"32":[2,6],"33":[1,1],"34":[5,1],"35":[3,2],"36":[5,5],"37":[1,0],"38":[1,0],"39":[0,0],"40":[0,0],"41":[0,0],"42":[1,0],"43":[48,41],"44":[4,37],"45":[7,0],"46":[435,435],"47":[4,85],"48":[89,49],"49":[45,40],"50":[89,49],"51":[50,39],"52":[89,9],"53":[49,40],"54":[89,49]},"_coverageSchema":"1a1c01bbd47fc00a2c39e90264f33305004495a9","hash":"8933e20face6a37ef96fe6b6f8c3b312a19a4aac"}
,"C:\\Users\\evpin\\Desktop\\coding\\projects\\12_pomodoro_spotify\\src\\Utils\\SpotifyUtils.tsx": {"path":"C:\\Users\\evpin\\Desktop\\coding\\projects\\12_pomodoro_spotify\\src\\Utils\\SpotifyUtils.tsx","statementMap":{"0":{"start":{"line":35,"column":21},"end":{"line":45,"column":1}},"1":{"start":{"line":49,"column":24},"end":{"line":64,"column":1}},"2":{"start":{"line":50,"column":21},"end":{"line":50,"column":46}},"3":{"start":{"line":51,"column":21},"end":{"line":51,"column":48}},"4":{"start":{"line":52,"column":19},"end":{"line":52,"column":46}},"5":{"start":{"line":53,"column":18},"end":{"line":53,"column":33}},"6":{"start":{"line":54,"column":18},"end":{"line":54,"column":33}},"7":{"start":{"line":55,"column":16},"end":{"line":55,"column":29}},"8":{"start":{"line":56,"column":22},"end":{"line":56,"column":72}},"9":{"start":{"line":57,"column":22},"end":{"line":57,"column":72}},"10":{"start":{"line":58,"column":23},"end":{"line":58,"column":67}},"11":{"start":{"line":60,"column":2},"end":{"line":62,"column":3}},"12":{"start":{"line":61,"column":4},"end":{"line":61,"column":43}},"13":{"start":{"line":63,"column":2},"end":{"line":63,"column":62}},"14":{"start":{"line":66,"column":27},"end":{"line":68,"column":3}},"15":{"start":{"line":67,"column":4},"end":{"line":67,"column":50}}},"fnMap":{"0":{"name":"(anonymous_0)","decl":{"start":{"line":49,"column":24},"end":{"line":49,"column":25}},"loc":{"start":{"line":49,"column":52},"end":{"line":64,"column":1}},"line":49},"1":{"name":"(anonymous_1)","decl":{"start":{"line":66,"column":27},"end":{"line":66,"column":28}},"loc":{"start":{"line":66,"column":67},"end":{"line":68,"column":3}},"line":66}},"branchMap":{"0":{"loc":{"start":{"line":56,"column":22},"end":{"line":56,"column":72}},"type":"cond-expr","locations":[{"start":{"line":56,"column":38},"end":{"line":56,"column":56}},{"start":{"line":56,"column":59},"end":{"line":56,"column":72}}],"line":56},"1":{"loc":{"start":{"line":57,"column":22},"end":{"line":57,"column":72}},"type":"cond-expr","locations":[{"start":{"line":57,"column":38},"end":{"line":57,"column":56}},{"start":{"line":57,"column":59},"end":{"line":57,"column":72}}],"line":57},"2":{"loc":{"start":{"line":58,"column":23},"end":{"line":58,"column":67}},"type":"cond-expr","locations":[{"start":{"line":58,"column":37},"end":{"line":58,"column":53}},{"start":{"line":58,"column":56},"end":{"line":58,"column":67}}],"line":58},"3":{"loc":{"start":{"line":60,"column":2},"end":{"line":62,"column":3}},"type":"if","locations":[{"start":{"line":60,"column":2},"end":{"line":62,"column":3}},{"start":{},"end":{}}],"line":60}},"s":{"0":1,"1":1,"2":166,"3":166,"4":166,"5":166,"6":166,"7":166,"8":166,"9":166,"10":166,"11":166,"12":34,"13":132,"14":1,"15":37},"f":{"0":166,"1":37},"b":{"0":[0,166],"1":[0,166],"2":[0,166],"3":[34,132]},"_coverageSchema":"1a1c01bbd47fc00a2c39e90264f33305004495a9","hash":"edf060768edf95deadb6889a8487ed74feffca9c"}
}
