TN:
SF:src\Components\Timer\Clock\Clock.tsx
FN:12,(anonymous_0)
FN:27,(anonymous_1)
FN:36,(anonymous_2)
FN:70,(anonymous_3)
FN:71,(anonymous_4)
FN:80,(anonymous_5)
FN:97,(anonymous_6)
FN:98,(anonymous_7)
FN:112,(anonymous_8)
FN:115,(anonymous_9)
FN:126,(anonymous_10)
FN:127,(anonymous_11)
FNF:12
FNH:12
FNDA:42,(anonymous_0)
FNDA:44,(anonymous_1)
FNDA:44,(anonymous_2)
FNDA:3,(anonymous_3)
FNDA:3,(anonymous_4)
FNDA:1,(anonymous_5)
FNDA:3,(anonymous_6)
FNDA:3,(anonymous_7)
FNDA:24,(anonymous_8)
FNDA:24,(anonymous_9)
FNDA:22,(anonymous_10)
FNDA:17,(anonymous_11)
DA:12,3
DA:13,42
DA:14,42
DA:15,42
DA:16,42
DA:24,42
DA:27,42
DA:28,44
DA:37,44
DA:39,44
DA:42,33
DA:44,33
DA:46,33
DA:47,33
DA:49,33
DA:51,33
DA:54,33
DA:56,11
DA:59,44
DA:60,21
DA:70,42
DA:71,3
DA:72,3
DA:73,2
DA:74,2
DA:80,42
DA:81,1
DA:90,1
DA:91,1
DA:93,1
DA:97,42
DA:98,3
DA:99,3
DA:100,3
DA:107,3
DA:108,3
DA:112,42
DA:113,24
DA:116,24
DA:117,16
DA:118,16
DA:122,24
DA:126,42
DA:127,22
DA:128,17
DA:132,42
LF:46
LH:46
BRDA:39,0,0,33
BRDA:39,0,1,11
BRDA:42,1,0,5
BRDA:42,1,1,28
BRDA:44,2,0,11
BRDA:44,2,1,22
BRDA:46,3,0,22
BRDA:46,3,1,11
BRDA:59,4,0,21
BRDA:59,4,1,23
BRDA:72,5,0,2
BRDA:72,5,1,1
BRDA:116,6,0,16
BRDA:116,6,1,8
BRDA:149,7,0,42
BRDA:149,7,1,21
BRDA:156,8,0,17
BRDA:156,8,1,4
BRF:18
BRH:18
end_of_record
TN:
SF:src\Components\Timer\SpotifyPlayer\AlbumArt\AlbumArt.tsx
FN:12,(anonymous_0)
FN:17,(anonymous_1)
FN:23,(anonymous_2)
FNF:3
FNH:3
FNDA:12,(anonymous_0)
FNDA:8,(anonymous_1)
FNDA:12,(anonymous_2)
DA:12,3
DA:13,12
DA:14,12
DA:17,12
DA:18,8
DA:19,8
DA:23,12
DA:24,12
DA:26,8
DA:28,1
DA:41,1
DA:44,1
DA:51,1
DA:54,1
DA:65,1
DA:78,12
LF:16
LH:16
BRDA:24,0,0,8
BRDA:24,0,1,1
BRDA:24,0,2,1
BRDA:24,0,3,1
BRDA:24,0,4,1
BRDA:41,1,0,1
BRDA:41,1,1,0
BRDA:51,2,0,1
BRDA:51,2,1,0
BRF:9
BRH:7
end_of_record
TN:
SF:src\Utils\SpotifyUtils.tsx
FN:49,(anonymous_0)
FN:66,(anonymous_1)
FNF:2
FNH:0
FNDA:0,(anonymous_0)
FNDA:0,(anonymous_1)
DA:35,3
DA:49,3
DA:50,0
DA:51,0
DA:52,0
DA:53,0
DA:54,0
DA:55,0
DA:56,0
DA:57,0
DA:58,0
DA:60,0
DA:61,0
DA:63,0
DA:66,3
DA:67,0
LF:16
LH:3
BRDA:56,0,0,0
BRDA:56,0,1,0
BRDA:57,1,0,0
BRDA:57,1,1,0
BRDA:58,2,0,0
BRDA:58,2,1,0
BRDA:60,3,0,0
BRDA:60,3,1,0
BRF:8
BRH:0
end_of_record
