TN:
SF:src\Components\Timer\Clock\Clock.tsx
FN:12,(anonymous_0)
FN:27,(anonymous_1)
FN:36,(anonymous_2)
FN:70,(anonymous_3)
FN:71,(anonymous_4)
FN:80,(anonymous_5)
FN:97,(anonymous_6)
FN:98,(anonymous_7)
FN:112,(anonymous_8)
FN:115,(anonymous_9)
FN:126,(anonymous_10)
FN:127,(anonymous_11)
FNF:12
FNH:12
FNDA:42,(anonymous_0)
FNDA:44,(anonymous_1)
FNDA:44,(anonymous_2)
FNDA:3,(anonymous_3)
FNDA:3,(anonymous_4)
FNDA:1,(anonymous_5)
FNDA:3,(anonymous_6)
FNDA:3,(anonymous_7)
FNDA:24,(anonymous_8)
FNDA:24,(anonymous_9)
FNDA:22,(anonymous_10)
FNDA:17,(anonymous_11)
DA:12,3
DA:13,42
DA:14,42
DA:15,42
DA:16,42
DA:24,42
DA:27,42
DA:28,44
DA:37,44
DA:39,44
DA:42,33
DA:44,33
DA:46,33
DA:47,33
DA:49,33
DA:51,33
DA:54,33
DA:56,11
DA:59,44
DA:60,21
DA:70,42
DA:71,3
DA:72,3
DA:73,2
DA:74,2
DA:80,42
DA:81,1
DA:90,1
DA:91,1
DA:93,1
DA:97,42
DA:98,3
DA:99,3
DA:100,3
DA:107,3
DA:108,3
DA:112,42
DA:113,24
DA:116,24
DA:117,16
DA:118,16
DA:122,24
DA:126,42
DA:127,22
DA:128,17
DA:132,42
LF:46
LH:46
BRDA:39,0,0,33
BRDA:39,0,1,11
BRDA:42,1,0,5
BRDA:42,1,1,28
BRDA:44,2,0,11
BRDA:44,2,1,22
BRDA:46,3,0,22
BRDA:46,3,1,11
BRDA:59,4,0,21
BRDA:59,4,1,23
BRDA:72,5,0,2
BRDA:72,5,1,1
BRDA:116,6,0,16
BRDA:116,6,1,8
BRDA:149,7,0,42
BRDA:149,7,1,21
BRDA:156,8,0,17
BRDA:156,8,1,4
BRF:18
BRH:18
end_of_record
TN:
SF:src\Components\Timer\FocusText\FocusText.tsx
FN:6,(anonymous_0)
FN:11,(anonymous_1)
FN:14,(anonymous_2)
FNF:3
FNH:3
FNDA:12,(anonymous_0)
FNDA:7,(anonymous_1)
FNDA:7,(anonymous_2)
DA:6,3
DA:7,12
DA:8,12
DA:9,12
DA:11,12
DA:12,7
DA:15,7
DA:16,2
DA:17,2
DA:19,5
DA:20,5
DA:28,12
LF:12
LH:12
BRDA:15,0,0,2
BRDA:15,0,1,5
BRDA:30,1,0,2
BRDA:30,1,1,10
BRDA:30,2,0,12
BRDA:30,2,1,2
BRF:6
BRH:6
end_of_record
TN:
SF:src\Components\Timer\SpotifyPlayer\SpotifyPlayer.tsx
FN:29,(anonymous_0)
FN:50,(anonymous_1)
FN:56,(anonymous_2)
FN:64,(anonymous_3)
FN:70,(anonymous_4)
FN:78,(anonymous_5)
FN:83,(anonymous_6)
FN:94,(anonymous_7)
FN:95,(anonymous_8)
FN:139,(anonymous_9)
FN:140,(anonymous_10)
FN:189,(anonymous_11)
FN:193,(anonymous_12)
FN:194,(anonymous_13)
FN:196,(anonymous_14)
FN:206,(anonymous_15)
FN:207,(anonymous_16)
FN:216,(anonymous_17)
FN:228,(anonymous_18)
FN:231,(anonymous_19)
FN:274,(anonymous_20)
FN:275,(anonymous_21)
FN:281,(anonymous_22)
FN:288,(anonymous_23)
FN:298,(anonymous_24)
FN:299,(anonymous_25)
FN:305,(anonymous_26)
FN:312,(anonymous_27)
FN:322,(anonymous_28)
FN:323,(anonymous_29)
FN:330,(anonymous_30)
FN:333,(anonymous_31)
FN:338,(anonymous_32)
FN:348,(anonymous_33)
FN:355,(anonymous_34)
FN:362,(anonymous_35)
FN:365,(anonymous_36)
FN:370,(anonymous_37)
FN:382,(anonymous_38)
FN:385,(anonymous_39)
FN:398,(anonymous_40)
FN:405,(anonymous_41)
FN:418,(anonymous_42)
FN:424,(anonymous_43)
FN:438,(anonymous_44)
FN:449,(anonymous_45)
FN:461,(anonymous_46)
FN:468,(anonymous_47)
FN:478,(anonymous_48)
FN:490,(anonymous_49)
FN:504,(anonymous_50)
FN:517,(anonymous_51)
FN:528,(anonymous_52)
FN:536,(anonymous_53)
FN:543,(anonymous_54)
FN:548,(anonymous_55)
FN:556,(anonymous_56)
FN:585,(anonymous_57)
FNF:58
FNH:58
FNDA:126,(anonymous_0)
FNDA:6,(anonymous_1)
FNDA:2,(anonymous_2)
FNDA:3,(anonymous_3)
FNDA:1,(anonymous_4)
FNDA:3,(anonymous_5)
FNDA:1,(anonymous_6)
FNDA:4,(anonymous_7)
FNDA:4,(anonymous_8)
FNDA:3,(anonymous_9)
FNDA:3,(anonymous_10)
FNDA:19,(anonymous_11)
FNDA:19,(anonymous_12)
FNDA:19,(anonymous_13)
FNDA:19,(anonymous_14)
FNDA:13,(anonymous_15)
FNDA:13,(anonymous_16)
FNDA:6,(anonymous_17)
FNDA:58,(anonymous_18)
FNDA:55,(anonymous_19)
FNDA:6,(anonymous_20)
FNDA:6,(anonymous_21)
FNDA:2,(anonymous_22)
FNDA:1,(anonymous_23)
FNDA:6,(anonymous_24)
FNDA:6,(anonymous_25)
FNDA:2,(anonymous_26)
FNDA:1,(anonymous_27)
FNDA:6,(anonymous_28)
FNDA:6,(anonymous_29)
FNDA:2,(anonymous_30)
FNDA:1,(anonymous_31)
FNDA:1,(anonymous_32)
FNDA:8,(anonymous_33)
FNDA:7,(anonymous_34)
FNDA:2,(anonymous_35)
FNDA:1,(anonymous_36)
FNDA:1,(anonymous_37)
FNDA:3,(anonymous_38)
FNDA:3,(anonymous_39)
FNDA:3,(anonymous_40)
FNDA:3,(anonymous_41)
FNDA:11,(anonymous_42)
FNDA:11,(anonymous_43)
FNDA:3,(anonymous_44)
FNDA:1,(anonymous_45)
FNDA:9,(anonymous_46)
FNDA:9,(anonymous_47)
FNDA:2,(anonymous_48)
FNDA:1,(anonymous_49)
FNDA:3,(anonymous_50)
FNDA:126,(anonymous_51)
FNDA:8,(anonymous_52)
FNDA:2,(anonymous_53)
FNDA:497,(anonymous_54)
FNDA:613,(anonymous_55)
FNDA:126,(anonymous_56)
FNDA:54,(anonymous_57)
DA:29,3
DA:30,126
DA:31,126
DA:32,126
DA:33,126
DA:34,126
DA:35,126
DA:36,126
DA:37,126
DA:38,126
DA:39,126
DA:40,126
DA:41,126
DA:42,126
DA:43,126
DA:44,126
DA:45,126
DA:50,126
DA:51,6
DA:55,6
DA:56,2
DA:57,2
DA:59,2
DA:64,126
DA:65,3
DA:69,3
DA:70,1
DA:71,1
DA:73,1
DA:78,126
DA:79,3
DA:82,3
DA:83,1
DA:84,1
DA:86,1
DA:94,126
DA:95,4
DA:97,4
DA:102,4
DA:104,3
DA:110,4
DA:111,4
DA:112,3
DA:113,3
DA:119,3
DA:124,3
DA:130,3
DA:131,3
DA:132,3
DA:133,3
DA:139,126
DA:140,3
DA:142,3
DA:147,3
DA:149,2
DA:155,3
DA:156,3
DA:157,2
DA:159,2
DA:161,2
DA:163,2
DA:169,2
DA:174,2
DA:180,2
DA:181,2
DA:182,2
DA:183,2
DA:189,126
DA:191,19
DA:193,19
DA:194,19
DA:196,19
DA:197,19
DA:199,19
DA:201,19
DA:207,13
DA:208,13
DA:209,7
DA:212,6
DA:217,6
DA:228,126
DA:229,58
DA:233,55
DA:234,50
DA:235,50
DA:236,50
DA:237,50
DA:238,50
DA:239,50
DA:240,50
DA:241,50
DA:242,50
DA:243,50
DA:244,50
DA:245,50
DA:246,50
DA:248,1
DA:249,1
DA:251,49
DA:252,49
DA:253,49
DA:255,50
DA:256,50
DA:257,5
DA:259,1
DA:260,1
DA:261,4
DA:262,1
DA:263,1
DA:266,3
DA:267,3
DA:274,126
DA:275,6
DA:276,6
DA:277,1
DA:278,5
DA:280,3
DA:282,2
DA:283,1
DA:285,1
DA:288,1
DA:289,2
DA:290,1
DA:292,1
DA:298,126
DA:299,6
DA:300,6
DA:301,1
DA:302,5
DA:304,3
DA:306,2
DA:307,1
DA:309,1
DA:312,1
DA:313,2
DA:314,1
DA:316,1
DA:322,126
DA:323,6
DA:324,6
DA:326,1
DA:327,5
DA:329,3
DA:331,2
DA:333,1
DA:335,1
DA:338,1
DA:339,2
DA:340,1
DA:342,1
DA:348,126
DA:349,8
DA:350,1
DA:351,1
DA:353,7
DA:356,7
DA:358,1
DA:359,6
DA:361,3
DA:364,2
DA:365,1
DA:367,1
DA:370,1
DA:371,3
DA:372,2
DA:374,1
DA:382,126
DA:383,3
DA:386,3
DA:387,1
DA:388,2
DA:389,1
DA:391,1
DA:398,126
DA:399,3
DA:406,3
DA:407,1
DA:408,2
DA:409,1
DA:411,1
DA:418,126
DA:419,11
DA:426,11
DA:427,3
DA:428,2
DA:430,8
DA:431,6
DA:436,4
DA:437,4
DA:439,3
DA:440,2
DA:441,2
DA:444,2
DA:446,1
DA:449,1
DA:451,2
DA:452,1
DA:454,1
DA:461,126
DA:462,9
DA:463,9
DA:469,9
DA:470,2
DA:471,2
DA:472,2
DA:473,7
DA:475,5
DA:476,3
DA:477,3
DA:479,2
DA:480,1
DA:481,1
DA:485,1
DA:487,1
DA:490,1
DA:492,2
DA:493,1
DA:495,1
DA:504,126
DA:505,3
DA:506,2
DA:507,2
DA:508,2
DA:510,1
DA:511,1
DA:512,1
DA:517,126
DA:518,126
DA:519,72
DA:520,54
DA:521,8
DA:523,46
DA:528,126
DA:529,8
DA:530,8
DA:531,8
DA:536,126
DA:537,2
DA:543,126
DA:544,497
DA:548,126
DA:549,613
DA:556,126
DA:557,126
DA:558,4
DA:566,122
DA:567,65
DA:573,57
DA:585,126
DA:587,126
LF:250
LH:250
BRDA:55,0,0,2
BRDA:55,0,1,4
BRDA:69,1,0,1
BRDA:69,1,1,2
BRDA:82,2,0,1
BRDA:82,2,1,2
BRDA:102,3,0,3
BRDA:102,3,1,1
BRDA:110,4,0,4
BRDA:110,4,1,4
BRDA:111,5,0,3
BRDA:111,5,1,1
BRDA:111,6,0,4
BRDA:111,6,1,3
BRDA:111,6,2,3
BRDA:147,7,0,2
BRDA:147,7,1,1
BRDA:155,8,0,3
BRDA:155,8,1,3
BRDA:156,9,0,2
BRDA:156,9,1,1
BRDA:156,10,0,3
BRDA:156,10,1,2
BRDA:156,10,2,2
BRDA:197,11,0,19
BRDA:197,11,1,0
BRDA:197,12,0,19
BRDA:197,12,1,19
BRDA:197,12,2,19
BRDA:208,13,0,7
BRDA:208,13,1,6
BRDA:233,14,0,50
BRDA:233,14,1,5
BRDA:235,15,0,1
BRDA:235,15,1,49
BRDA:246,16,0,1
BRDA:246,16,1,49
BRDA:257,17,0,1
BRDA:257,17,1,4
BRDA:261,18,0,1
BRDA:261,18,1,3
BRDA:276,19,0,1
BRDA:276,19,1,5
BRDA:278,20,0,3
BRDA:278,20,1,2
BRDA:282,21,0,1
BRDA:282,21,1,1
BRDA:289,22,0,1
BRDA:289,22,1,1
BRDA:300,23,0,1
BRDA:300,23,1,5
BRDA:302,24,0,3
BRDA:302,24,1,2
BRDA:306,25,0,1
BRDA:306,25,1,1
BRDA:313,26,0,1
BRDA:313,26,1,1
BRDA:324,27,0,1
BRDA:324,27,1,5
BRDA:327,28,0,3
BRDA:327,28,1,2
BRDA:331,29,0,1
BRDA:331,29,1,1
BRDA:339,30,0,1
BRDA:339,30,1,1
BRDA:349,31,0,1
BRDA:349,31,1,7
BRDA:356,32,0,1
BRDA:356,32,1,6
BRDA:359,33,0,3
BRDA:359,33,1,3
BRDA:364,34,0,1
BRDA:364,34,1,1
BRDA:371,35,0,2
BRDA:371,35,1,1
BRDA:386,36,0,1
BRDA:386,36,1,2
BRDA:388,37,0,1
BRDA:388,37,1,1
BRDA:406,38,0,1
BRDA:406,38,1,2
BRDA:408,39,0,1
BRDA:408,39,1,1
BRDA:426,40,0,3
BRDA:426,40,1,8
BRDA:427,41,0,2
BRDA:427,41,1,1
BRDA:430,42,0,6
BRDA:430,42,1,2
BRDA:431,43,0,4
BRDA:431,43,1,2
BRDA:432,44,0,6
BRDA:432,44,1,6
BRDA:439,45,0,2
BRDA:439,45,1,1
BRDA:440,46,0,2
BRDA:440,46,1,0
BRDA:451,47,0,1
BRDA:451,47,1,1
BRDA:469,48,0,2
BRDA:469,48,1,7
BRDA:473,49,0,5
BRDA:473,49,1,2
BRDA:475,50,0,3
BRDA:475,50,1,2
BRDA:475,51,0,5
BRDA:475,51,1,5
BRDA:479,52,0,1
BRDA:479,52,1,1
BRDA:492,53,0,1
BRDA:492,53,1,1
BRDA:505,54,0,2
BRDA:505,54,1,1
BRDA:518,55,0,72
BRDA:518,55,1,54
BRDA:520,56,0,8
BRDA:520,56,1,46
BRDA:529,57,0,8
BRDA:529,57,1,0
BRDA:550,58,0,613
BRDA:550,58,1,607
BRDA:557,59,0,4
BRDA:557,59,1,122
BRDA:557,60,0,126
BRDA:557,60,1,69
BRDA:566,61,0,65
BRDA:566,61,1,57
BRDA:590,62,0,126
BRDA:590,62,1,69
BRDA:611,63,0,68
BRDA:611,63,1,58
BRDA:653,64,0,126
BRDA:653,64,1,15
BRDA:677,65,0,70
BRDA:677,65,1,56
BRDA:679,66,0,126
BRDA:679,66,1,70
BRF:137
BRH:134
end_of_record
TN:
SF:src\Utils\SpotifyUtils.tsx
FN:49,(anonymous_0)
FN:66,(anonymous_1)
FNF:2
FNH:2
FNDA:236,(anonymous_0)
FNDA:52,(anonymous_1)
DA:35,3
DA:49,3
DA:50,236
DA:51,236
DA:52,236
DA:53,236
DA:54,236
DA:55,236
DA:56,236
DA:57,236
DA:58,236
DA:60,236
DA:61,58
DA:63,178
DA:66,3
DA:67,52
LF:16
LH:16
BRDA:56,0,0,8
BRDA:56,0,1,228
BRDA:57,1,0,0
BRDA:57,1,1,236
BRDA:58,2,0,0
BRDA:58,2,1,236
BRDA:60,3,0,58
BRDA:60,3,1,178
BRF:8
BRH:6
end_of_record
TN:
SF:src\hooks\DescriptContext.tsx
FN:8,(anonymous_0)
FN:9,(anonymous_1)
FN:13,(anonymous_2)
FN:16,(anonymous_3)
FN:21,(anonymous_4)
FN:26,(anonymous_5)
FN:27,(anonymous_6)
FNF:7
FNH:1
FNDA:0,(anonymous_0)
FNDA:1,(anonymous_1)
FNDA:0,(anonymous_2)
FNDA:0,(anonymous_3)
FNDA:0,(anonymous_4)
FNDA:0,(anonymous_5)
FNDA:0,(anonymous_6)
DA:6,4
DA:13,4
DA:14,0
DA:16,0
DA:17,0
DA:18,0
DA:21,0
DA:22,0
DA:23,0
DA:26,0
DA:27,0
DA:28,0
DA:29,0
DA:34,0
LF:14
LH:2
BRDA:28,0,0,0
BRDA:28,0,1,0
BRF:2
BRH:0
end_of_record
